<!DOCTYPE html>
<html>
  <head>
    <meta charset="utf-8"/>
    <title>Test Report</title>
    <link href="assets/style.css" rel="stylesheet" type="text/css"/></head>
  <body onLoad="init()">
    <script>/* This Source Code Form is subject to the terms of the Mozilla Public
 * License, v. 2.0. If a copy of the MPL was not distributed with this file,
 * You can obtain one at http://mozilla.org/MPL/2.0/. */


function toArray(iter) {
    if (iter === null) {
        return null;
    }
    return Array.prototype.slice.call(iter);
}

function find(selector, elem) {
    if (!elem) {
        elem = document;
    }
    return elem.querySelector(selector);
}

function find_all(selector, elem) {
    if (!elem) {
        elem = document;
    }
    return toArray(elem.querySelectorAll(selector));
}

function sort_column(elem) {
    toggle_sort_states(elem);
    var colIndex = toArray(elem.parentNode.childNodes).indexOf(elem);
    var key;
    if (elem.classList.contains('numeric')) {
        key = key_num;
    } else if (elem.classList.contains('result')) {
        key = key_result;
    } else {
        key = key_alpha;
    }
    sort_table(elem, key(colIndex));
}

function show_all_extras() {
    find_all('.col-result').forEach(show_extras);
}

function hide_all_extras() {
    find_all('.col-result').forEach(hide_extras);
}

function show_extras(colresult_elem) {
    var extras = colresult_elem.parentNode.nextElementSibling;
    var expandcollapse = colresult_elem.firstElementChild;
    extras.classList.remove("collapsed");
    expandcollapse.classList.remove("expander");
    expandcollapse.classList.add("collapser");
}

function hide_extras(colresult_elem) {
    var extras = colresult_elem.parentNode.nextElementSibling;
    var expandcollapse = colresult_elem.firstElementChild;
    extras.classList.add("collapsed");
    expandcollapse.classList.remove("collapser");
    expandcollapse.classList.add("expander");
}

function show_filters() {
    var filter_items = document.getElementsByClassName('filter');
    for (var i = 0; i < filter_items.length; i++)
        filter_items[i].hidden = false;
}

function add_collapse() {
    // Add links for show/hide all
    var resulttable = find('table#results-table');
    var showhideall = document.createElement("p");
    showhideall.innerHTML = '<a href="javascript:show_all_extras()">Show all details</a> / ' +
                            '<a href="javascript:hide_all_extras()">Hide all details</a>';
    resulttable.parentElement.insertBefore(showhideall, resulttable);

    // Add show/hide link to each result
    find_all('.col-result').forEach(function(elem) {
        var collapsed = get_query_parameter('collapsed') || 'Passed';
        var extras = elem.parentNode.nextElementSibling;
        var expandcollapse = document.createElement("span");
        if (collapsed.includes(elem.innerHTML)) {
            extras.classList.add("collapsed");
            expandcollapse.classList.add("expander");
        } else {
            expandcollapse.classList.add("collapser");
        }
        elem.appendChild(expandcollapse);

        elem.addEventListener("click", function(event) {
            if (event.currentTarget.parentNode.nextElementSibling.classList.contains("collapsed")) {
                show_extras(event.currentTarget);
            } else {
                hide_extras(event.currentTarget);
            }
        });
    })
}

function get_query_parameter(name) {
    var match = RegExp('[?&]' + name + '=([^&]*)').exec(window.location.search);
    return match && decodeURIComponent(match[1].replace(/\+/g, ' '));
}

function init () {
    reset_sort_headers();

    add_collapse();

    show_filters();

    toggle_sort_states(find('.initial-sort'));

    find_all('.sortable').forEach(function(elem) {
        elem.addEventListener("click",
                              function(event) {
                                  sort_column(elem);
                              }, false)
    });

};

function sort_table(clicked, key_func) {
    var rows = find_all('.results-table-row');
    var reversed = !clicked.classList.contains('asc');
    var sorted_rows = sort(rows, key_func, reversed);
    /* Whole table is removed here because browsers acts much slower
     * when appending existing elements.
     */
    var thead = document.getElementById("results-table-head");
    document.getElementById('results-table').remove();
    var parent = document.createElement("table");
    parent.id = "results-table";
    parent.appendChild(thead);
    sorted_rows.forEach(function(elem) {
        parent.appendChild(elem);
    });
    document.getElementsByTagName("BODY")[0].appendChild(parent);
}

function sort(items, key_func, reversed) {
    var sort_array = items.map(function(item, i) {
        return [key_func(item), i];
    });
    var multiplier = reversed ? -1 : 1;

    sort_array.sort(function(a, b) {
        var key_a = a[0];
        var key_b = b[0];
        return multiplier * (key_a >= key_b ? 1 : -1);
    });

    return sort_array.map(function(item) {
        var index = item[1];
        return items[index];
    });
}

function key_alpha(col_index) {
    return function(elem) {
        return elem.childNodes[1].childNodes[col_index].firstChild.data.toLowerCase();
    };
}

function key_num(col_index) {
    return function(elem) {
        return parseFloat(elem.childNodes[1].childNodes[col_index].firstChild.data);
    };
}

function key_result(col_index) {
    return function(elem) {
        var strings = ['Error', 'Failed', 'Rerun', 'XFailed', 'XPassed',
                       'Skipped', 'Passed'];
        return strings.indexOf(elem.childNodes[1].childNodes[col_index].firstChild.data);
    };
}

function reset_sort_headers() {
    find_all('.sort-icon').forEach(function(elem) {
        elem.parentNode.removeChild(elem);
    });
    find_all('.sortable').forEach(function(elem) {
        var icon = document.createElement("div");
        icon.className = "sort-icon";
        icon.textContent = "vvv";
        elem.insertBefore(icon, elem.firstChild);
        elem.classList.remove("desc", "active");
        elem.classList.add("asc", "inactive");
    });
}

function toggle_sort_states(elem) {
    //if active, toggle between asc and desc
    if (elem.classList.contains('active')) {
        elem.classList.toggle('asc');
        elem.classList.toggle('desc');
    }

    //if inactive, reset all other functions and add ascending active
    if (elem.classList.contains('inactive')) {
        reset_sort_headers();
        elem.classList.remove('inactive');
        elem.classList.add('active');
    }
}

function is_all_rows_hidden(value) {
  return value.hidden == false;
}

function filter_table(elem) {
    var outcome_att = "data-test-result";
    var outcome = elem.getAttribute(outcome_att);
    class_outcome = outcome + " results-table-row";
    var outcome_rows = document.getElementsByClassName(class_outcome);

    for(var i = 0; i < outcome_rows.length; i++){
        outcome_rows[i].hidden = !elem.checked;
    }

    var rows = find_all('.results-table-row').filter(is_all_rows_hidden);
    var all_rows_hidden = rows.length == 0 ? true : false;
    var not_found_message = document.getElementById("not-found-message");
    not_found_message.hidden = !all_rows_hidden;
}
</script>
    <h1>demo.html</h1>
    <p>Report generated on 21-Aug-2019 at 09:09:57 by <a href="https://pypi.python.org/pypi/pytest-html">pytest-html</a> v1.20.0</p>
    <h2>Environment</h2>
    <table id="environment">
      <tr>
        <td>Packages</td>
        <td>{&apos;pytest&apos;: &apos;4.6.0&apos;, &apos;py&apos;: &apos;1.8.0&apos;, &apos;pluggy&apos;: &apos;0.12.0&apos;}</td></tr>
      <tr>
        <td>Platform</td>
        <td>Darwin-18.7.0-x86_64-i386-64bit</td></tr>
      <tr>
        <td>Plugins</td>
        <td>{&apos;html&apos;: &apos;1.20.0&apos;, &apos;ordering&apos;: &apos;0.6&apos;, &apos;metadata&apos;: &apos;1.8.0&apos;}</td></tr>
      <tr>
        <td>Python</td>
        <td>3.7.2</td></tr></table>
    <h2>Summary</h2>
    <p>6 tests ran in 115.26 seconds. </p>
    <p class="filter" hidden="true">(Un)check the boxes to filter the results.</p><input checked="true" class="filter" data-test-result="passed" hidden="true" name="filter_checkbox" onChange="filter_table(this)" type="checkbox"/><span class="passed">3 passed</span>, <input checked="true" class="filter" data-test-result="skipped" disabled="true" hidden="true" name="filter_checkbox" onChange="filter_table(this)" type="checkbox"/><span class="skipped">0 skipped</span>, <input checked="true" class="filter" data-test-result="failed" hidden="true" name="filter_checkbox" onChange="filter_table(this)" type="checkbox"/><span class="failed">3 failed</span>, <input checked="true" class="filter" data-test-result="error" disabled="true" hidden="true" name="filter_checkbox" onChange="filter_table(this)" type="checkbox"/><span class="error">0 errors</span>, <input checked="true" class="filter" data-test-result="xfailed" disabled="true" hidden="true" name="filter_checkbox" onChange="filter_table(this)" type="checkbox"/><span class="xfailed">0 expected failures</span>, <input checked="true" class="filter" data-test-result="xpassed" disabled="true" hidden="true" name="filter_checkbox" onChange="filter_table(this)" type="checkbox"/><span class="xpassed">0 unexpected passes</span>
    <h2>Results</h2>
    <table id="results-table">
      <thead id="results-table-head">
        <tr>
          <th class="sortable result initial-sort" col="result">Result</th>
          <th class="sortable" col="name">Test</th>
          <th class="sortable numeric" col="duration">Duration</th>
          <th>Links</th></tr>
        <tr hidden="true" id="not-found-message">
          <th colspan="4">No results found. Try to check the filters</th></tr></thead>
      <tbody class="failed results-table-row">
        <tr>
          <td class="col-result">Failed</td>
          <td class="col-name">test_suite_demo.py::AddressTests::test_addAddress</td>
          <td class="col-duration">0.00</td>
          <td class="col-links"></td></tr>
        <tr>
          <td class="extra" colspan="4">
            <div class="log">self = &lt;unittest.case._Outcome object at 0x10705c400&gt;, test_case = &lt;tests.address.address_tests.AddressTests testMethod=test_addAddress&gt;, isTest = True<br/><br/>    @contextlib.contextmanager<br/>    def testPartExecutor(self, test_case, isTest=False):<br/>        old_success = self.success<br/>        self.success = True<br/>        try:<br/>&gt;           yield<br/><br/>/Library/Frameworks/Python.framework/Versions/3.7/lib/python3.7/unittest/case.py:59: <br/>_ _ _ _ _ _ _ _ _ _ _ _ _ _ _ _ _ _ _ _ _ _ _ _ _ _ _ _ _ _ _ _ _ _ _ _ _ _ _ _ <br/><br/>self = &lt;tests.address.address_tests.AddressTests testMethod=test_addAddress&gt;, result = &lt;TestCaseFunction test_addAddress&gt;<br/><br/>    def run(self, result=None):<br/>        orig_result = result<br/>        if result is None:<br/>            result = self.defaultTestResult()<br/>            startTestRun = getattr(result, &#x27;startTestRun&#x27;, None)<br/>            if startTestRun is not None:<br/>                startTestRun()<br/>    <br/>        result.startTest(self)<br/>    <br/>        testMethod = getattr(self, self._testMethodName)<br/>        if (getattr(self.__class__, &quot;__unittest_skip__&quot;, False) or<br/>            getattr(testMethod, &quot;__unittest_skip__&quot;, False)):<br/>            # If the class or method was skipped.<br/>            try:<br/>                skip_why = (getattr(self.__class__, &#x27;__unittest_skip_why__&#x27;, &#x27;&#x27;)<br/>                            or getattr(testMethod, &#x27;__unittest_skip_why__&#x27;, &#x27;&#x27;))<br/>                self._addSkip(result, self, skip_why)<br/>            finally:<br/>                result.stopTest(self)<br/>            return<br/>        expecting_failure_method = getattr(testMethod,<br/>                                           &quot;__unittest_expecting_failure__&quot;, False)<br/>        expecting_failure_class = getattr(self,<br/>                                          &quot;__unittest_expecting_failure__&quot;, False)<br/>        expecting_failure = expecting_failure_class or expecting_failure_method<br/>        outcome = _Outcome(result)<br/>        try:<br/>            self._outcome = outcome<br/>    <br/>            with outcome.testPartExecutor(self):<br/>                self.setUp()<br/>            if outcome.success:<br/>                outcome.expecting_failure = expecting_failure<br/>                with outcome.testPartExecutor(self, isTest=True):<br/>&gt;                   testMethod()<br/><span class="error">E                   TypeError: test_addAddress() missing 3 required positional arguments: &#x27;email&#x27;, &#x27;password&#x27;, and &#x27;search&#x27;</span><br/><br/>/Library/Frameworks/Python.framework/Versions/3.7/lib/python3.7/unittest/case.py:615: TypeError<br/></div></td></tr></tbody>
      <tbody class="failed results-table-row">
        <tr>
          <td class="col-result">Failed</td>
          <td class="col-name">test_suite_demo.py::HomeTest::test_validLogin_2___</td>
          <td class="col-duration">0.00</td>
          <td class="col-links"></td></tr>
        <tr>
          <td class="extra" colspan="4">
            <div class="log">self = &lt;tests.home.home_tests.HomeTest testMethod=test_validLogin_2___&gt;<br/><br/>    @wraps(func)<br/>    def wrapper(self):<br/>&gt;       return func(self, *args, **kwargs)<br/><span class="error">E       TypeError: test_validLogin() missing 3 required positional arguments: &#x27;email&#x27;, &#x27;password&#x27;, and &#x27;search&#x27;</span><br/><br/>/Library/Frameworks/Python.framework/Versions/3.7/lib/python3.7/site-packages/ddt.py:145: TypeError<br/></div></td></tr></tbody>
      <tbody class="failed results-table-row">
        <tr>
          <td class="col-result">Failed</td>
          <td class="col-name">test_suite_demo.py::HomeTest::test_validLogin_3___</td>
          <td class="col-duration">0.00</td>
          <td class="col-links"></td></tr>
        <tr>
          <td class="extra" colspan="4">
            <div class="log">self = &lt;tests.home.home_tests.HomeTest testMethod=test_validLogin_3___&gt;<br/><br/>    @wraps(func)<br/>    def wrapper(self):<br/>&gt;       return func(self, *args, **kwargs)<br/><span class="error">E       TypeError: test_validLogin() missing 3 required positional arguments: &#x27;email&#x27;, &#x27;password&#x27;, and &#x27;search&#x27;</span><br/><br/>/Library/Frameworks/Python.framework/Versions/3.7/lib/python3.7/site-packages/ddt.py:145: TypeError<br/></div></td></tr></tbody>
      <tbody class="passed results-table-row">
        <tr>
          <td class="col-result">Passed</td>
          <td class="col-name">test_suite_demo.py::HomeTest::test_validLogin_1___automationclass2018_gmail_com____auto2018____samsung__</td>
          <td class="col-duration">43.44</td>
          <td class="col-links"></td></tr>
        <tr>
          <td class="extra" colspan="4">
            <div class="log">------------------------------ Captured log call -------------------------------<br/>[32mINFO    [0m Util:utils.py:87 Actual Text From Application Web UI --&gt; :: Amazon Sign In
[32mINFO    [0m Util:utils.py:88 Expected Text From Application Web UI --&gt; :: Online Shopping site in India: Shop Online for Mobiles, Books, Watches, Shoes and More - Amazon.in
[32mINFO    [0m Util:utils.py:93 ### VERIFICATION DOES NOT CONTAINS !!!
[31m[1mERROR   [0m LoginPage:selenium_driver.py:93 Element not found
Traceback (most recent call last):
  File &quot;/Users/aravindanathdm/Documents/Simple_Pom_py_fw/base/selenium_driver.py&quot;, line 90, in getElement
    element = self.driver.find_element(byType,locator)
  File &quot;/Library/Frameworks/Python.framework/Versions/3.7/lib/python3.7/site-packages/selenium/webdriver/remote/webdriver.py&quot;, line 978, in find_element
    &#x27;value&#x27;: value})[&#x27;value&#x27;]
  File &quot;/Library/Frameworks/Python.framework/Versions/3.7/lib/python3.7/site-packages/selenium/webdriver/remote/webdriver.py&quot;, line 321, in execute
    self.error_handler.check_response(response)
  File &quot;/Library/Frameworks/Python.framework/Versions/3.7/lib/python3.7/site-packages/selenium/webdriver/remote/errorhandler.py&quot;, line 242, in check_response
    raise exception_class(message, screen, stacktrace)
selenium.common.exceptions.NoSuchElementException: Message: no such element: Unable to locate element: {&quot;method&quot;:&quot;xpath&quot;,&quot;selector&quot;:&quot;//span[text()=&#x27;Hello, Sign in&#x27;]&quot;}
  (Session info: chrome=76.0.3809.100)

[32mINFO    [0m LoginPage:selenium_driver.py:109 Cannot click on the element with locator: //span[text()=&#x27;Hello, Sign in&#x27;] locatorType: xpath
[32mINFO    [0m LoginPage:selenium_driver.py:91 Element found
[32mINFO    [0m LoginPage:selenium_driver.py:169 Element present with locator: (//i[starts-with(@class,&#x27;a-icon&#x27;)])[1] locatorType: xpath
[32mINFO    [0m LoginPage:selenium_driver.py:91 Element found
[32mINFO    [0m LoginPage:selenium_driver.py:122 Sent data on element with locator: ap_email locatorType: id
[32mINFO    [0m LoginPage:selenium_driver.py:91 Element found
[32mINFO    [0m LoginPage:selenium_driver.py:106 Clicked on element with locator: continue locatorType: id
[32mINFO    [0m LoginPage:selenium_driver.py:91 Element found
[32mINFO    [0m LoginPage:selenium_driver.py:122 Sent data on element with locator: ap_password locatorType: id
[32mINFO    [0m LoginPage:selenium_driver.py:91 Element found
[32mINFO    [0m LoginPage:selenium_driver.py:106 Clicked on element with locator: signInSubmit locatorType: id
[32mINFO    [0m TestStatus:teststatus.py:30 ### VERIFICATION SUCCESSFUL :: + Title mismatch!
[32mINFO    [0m LoginPage:selenium_driver.py:91 Element found
[32mINFO    [0m LoginPage:selenium_driver.py:169 Element present with locator: twotabsearchtextbox locatorType: id
[32mINFO    [0m TestStatus:teststatus.py:30 ### VERIFICATION SUCCESSFUL :: + Login was not successful
[32mINFO    [0m TestStatus:teststatus.py:64 test_validLogin ### TEST SUCCESSFUL
[32mINFO    [0m HomePage:selenium_driver.py:91 Element found
[32mINFO    [0m HomePage:selenium_driver.py:206  Send data  on element twotabsearchtextboxlocator type: id</div></td></tr></tbody>
      <tbody class="passed results-table-row">
        <tr>
          <td class="col-result">Passed</td>
          <td class="col-name">test_suite_demo.py::CreateAccountTests::test_CreateAccount</td>
          <td class="col-duration">6.87</td>
          <td class="col-links"></td></tr>
        <tr>
          <td class="extra" colspan="4">
            <div class="log">------------------------------ Captured log call -------------------------------<br/>[32mINFO    [0m LoginPage:selenium_driver.py:91 Element found
[32mINFO    [0m LoginPage:selenium_driver.py:106 Clicked on element with locator: createAccountSubmit locatorType: id</div></td></tr></tbody>
      <tbody class="passed results-table-row">
        <tr>
          <td class="col-result">Passed</td>
          <td class="col-name">test_suite_demo.py::LoginTests::test_validLogin</td>
          <td class="col-duration">47.90</td>
          <td class="col-links"></td></tr>
        <tr>
          <td class="extra" colspan="4">
            <div class="log">------------------------------ Captured log call -------------------------------<br/>[32mINFO    [0m Util:utils.py:87 Actual Text From Application Web UI --&gt; :: Amazon Sign In
[32mINFO    [0m Util:utils.py:88 Expected Text From Application Web UI --&gt; :: Online Shopping site in India: Shop Online for Mobiles, Books, Watches, Shoes and More - Amazon.in
[32mINFO    [0m Util:utils.py:93 ### VERIFICATION DOES NOT CONTAINS !!!
[31m[1mERROR   [0m LoginPage:selenium_driver.py:93 Element not found
Traceback (most recent call last):
  File &quot;/Users/aravindanathdm/Documents/Simple_Pom_py_fw/base/selenium_driver.py&quot;, line 90, in getElement
    element = self.driver.find_element(byType,locator)
  File &quot;/Library/Frameworks/Python.framework/Versions/3.7/lib/python3.7/site-packages/selenium/webdriver/remote/webdriver.py&quot;, line 978, in find_element
    &#x27;value&#x27;: value})[&#x27;value&#x27;]
  File &quot;/Library/Frameworks/Python.framework/Versions/3.7/lib/python3.7/site-packages/selenium/webdriver/remote/webdriver.py&quot;, line 321, in execute
    self.error_handler.check_response(response)
  File &quot;/Library/Frameworks/Python.framework/Versions/3.7/lib/python3.7/site-packages/selenium/webdriver/remote/errorhandler.py&quot;, line 242, in check_response
    raise exception_class(message, screen, stacktrace)
selenium.common.exceptions.NoSuchElementException: Message: no such element: Unable to locate element: {&quot;method&quot;:&quot;xpath&quot;,&quot;selector&quot;:&quot;//span[text()=&#x27;Hello, Sign in&#x27;]&quot;}
  (Session info: chrome=76.0.3809.100)

[32mINFO    [0m LoginPage:selenium_driver.py:109 Cannot click on the element with locator: //span[text()=&#x27;Hello, Sign in&#x27;] locatorType: xpath
[32mINFO    [0m LoginPage:selenium_driver.py:91 Element found
[32mINFO    [0m LoginPage:selenium_driver.py:169 Element present with locator: (//i[starts-with(@class,&#x27;a-icon&#x27;)])[1] locatorType: xpath
[32mINFO    [0m LoginPage:selenium_driver.py:91 Element found
[32mINFO    [0m LoginPage:selenium_driver.py:122 Sent data on element with locator: ap_email locatorType: id
[32mINFO    [0m LoginPage:selenium_driver.py:91 Element found
[32mINFO    [0m LoginPage:selenium_driver.py:106 Clicked on element with locator: continue locatorType: id
[32mINFO    [0m LoginPage:selenium_driver.py:91 Element found
[32mINFO    [0m LoginPage:selenium_driver.py:122 Sent data on element with locator: ap_password locatorType: id
[32mINFO    [0m LoginPage:selenium_driver.py:91 Element found
[32mINFO    [0m LoginPage:selenium_driver.py:106 Clicked on element with locator: signInSubmit locatorType: id
[32mINFO    [0m TestStatus:teststatus.py:30 ### VERIFICATION SUCCESSFUL :: + Title mismatch!
[32mINFO    [0m LoginPage:selenium_driver.py:91 Element found
[32mINFO    [0m LoginPage:selenium_driver.py:169 Element present with locator: twotabsearchtextbox locatorType: id
[32mINFO    [0m TestStatus:teststatus.py:30 ### VERIFICATION SUCCESSFUL :: + Login was not successful
[32mINFO    [0m TestStatus:teststatus.py:64 test_validLogin ### TEST SUCCESSFUL
[32mINFO    [0m HomePage:selenium_driver.py:91 Element found
[32mINFO    [0m HomePage:selenium_driver.py:206  Send data  on element twotabsearchtextboxlocator type: id</div></td></tr></tbody></table></body></html>