06/13/2019 06:36:16 AM - SeleniumDriver - INFO: Element found
06/13/2019 06:36:17 AM - SeleniumDriver - INFO:  Clicked  on element //span[text()='Hello, Sign in']locator type: xpath
06/13/2019 06:36:17 AM - SeleniumDriver - INFO: Element found
06/13/2019 06:36:17 AM - SeleniumDriver - INFO:  Send data  on element ap_emaillocator type: id
06/13/2019 06:36:17 AM - SeleniumDriver - INFO: Element found
06/13/2019 06:36:19 AM - SeleniumDriver - INFO:  Clicked  on element continuelocator type: id
06/13/2019 06:36:19 AM - SeleniumDriver - INFO: Element found
06/13/2019 06:36:20 AM - SeleniumDriver - INFO:  Send data  on element ap_passwordlocator type: id
06/13/2019 06:36:20 AM - SeleniumDriver - INFO: Element found
06/13/2019 06:36:23 AM - SeleniumDriver - INFO:  Clicked  on element signInSubmitlocator type: id
06/13/2019 06:36:25 AM - SeleniumDriver - INFO: Element found
06/13/2019 06:36:28 AM - SeleniumDriver - INFO:  Send data  on element twotabsearchtextboxlocator type: id
06/13/2019 06:42:13 AM - LoginPage - INFO: Element found
06/13/2019 06:42:14 AM - LoginPage - INFO:  Clicked  on element //span[text()='Hello, Sign in']locator type: xpath
06/13/2019 06:42:14 AM - LoginPage - INFO: Element found
06/13/2019 06:42:14 AM - LoginPage - INFO:  Send data  on element ap_emaillocator type: id
06/13/2019 06:42:14 AM - LoginPage - INFO: Element found
06/13/2019 06:42:20 AM - LoginPage - INFO:  Clicked  on element continuelocator type: id
06/13/2019 06:42:21 AM - LoginPage - INFO: Element found
06/13/2019 06:42:22 AM - LoginPage - INFO:  Send data  on element ap_passwordlocator type: id
06/13/2019 06:42:22 AM - LoginPage - INFO: Element found
06/13/2019 06:42:25 AM - LoginPage - INFO:  Clicked  on element signInSubmitlocator type: id
06/13/2019 06:42:27 AM - LoginPage - INFO: Element found
06/13/2019 06:42:29 AM - LoginPage - INFO:  Send data  on element twotabsearchtextboxlocator type: id
06/14/2019 06:13:42 AM - LoginPage - INFO: Element found
06/14/2019 06:13:43 AM - LoginPage - INFO:  Clicked  on element //span[text()='Hello, Sign in']locator type: xpath
06/14/2019 06:13:43 AM - LoginPage - INFO: Element found
06/14/2019 06:13:43 AM - LoginPage - INFO: Element found
06/14/2019 06:13:43 AM - LoginPage - INFO: Element found
06/14/2019 06:13:44 AM - LoginPage - INFO:  Send data  on element ap_emaillocator type: id
06/14/2019 06:13:44 AM - LoginPage - INFO: Element found
06/14/2019 06:13:45 AM - LoginPage - INFO:  Clicked  on element continuelocator type: id
06/14/2019 06:13:46 AM - LoginPage - INFO: Element found
06/14/2019 06:13:46 AM - LoginPage - INFO:  Send data  on element ap_passwordlocator type: id
06/14/2019 06:13:46 AM - LoginPage - INFO: Element found
06/14/2019 06:13:50 AM - LoginPage - INFO:  Clicked  on element signInSubmitlocator type: id
06/14/2019 06:13:52 AM - LoginPage - INFO: Element found
06/14/2019 06:13:55 AM - LoginPage - INFO:  Send data  on element twotabsearchtextboxlocator type: id
06/14/2019 06:14:39 AM - LoginPage - INFO: Element found
06/14/2019 06:14:39 AM - LoginPage - INFO:  Clicked  on element //span[text()='Hello, Sign in']locator type: xpath
06/14/2019 06:14:39 AM - LoginPage - INFO: Element found
06/14/2019 06:14:39 AM - LoginPage - INFO: Element found
06/14/2019 06:14:39 AM - LoginPage - INFO: Element found
06/14/2019 06:14:40 AM - LoginPage - INFO:  Send data  on element ap_emaillocator type: id
06/14/2019 06:14:40 AM - LoginPage - INFO: Element found
06/14/2019 06:14:41 AM - LoginPage - INFO:  Clicked  on element continuelocator type: id
06/14/2019 06:14:42 AM - LoginPage - INFO: Element found
06/14/2019 06:14:42 AM - LoginPage - INFO:  Send data  on element ap_passwordlocator type: id
06/14/2019 06:14:42 AM - LoginPage - INFO: Element found
06/14/2019 06:14:47 AM - LoginPage - INFO:  Clicked  on element signInSubmitlocator type: id
06/14/2019 06:14:49 AM - LoginPage - INFO: Element found
06/14/2019 06:14:51 AM - LoginPage - INFO:  Send data  on element twotabsearchtextboxlocator type: id
06/14/2019 06:19:19 AM - LoginPage - INFO: Element found
06/14/2019 06:19:20 AM - LoginPage - INFO:  Clicked  on element //span[text()='Hello, Sign in']locator type: xpath
06/14/2019 06:19:20 AM - LoginPage - INFO: Element found
06/14/2019 06:19:20 AM - LoginPage - INFO: Element found
06/14/2019 06:19:20 AM - LoginPage - INFO: Element found
06/14/2019 06:19:20 AM - LoginPage - INFO:  Send data  on element ap_emaillocator type: id
06/14/2019 06:19:20 AM - LoginPage - INFO: Element found
06/14/2019 06:19:22 AM - LoginPage - INFO:  Clicked  on element continuelocator type: id
06/14/2019 06:19:22 AM - LoginPage - INFO: Element found
06/14/2019 06:19:22 AM - LoginPage - INFO:  Send data  on element ap_passwordlocator type: id
06/14/2019 06:19:22 AM - LoginPage - INFO: Element found
06/14/2019 06:19:26 AM - LoginPage - INFO:  Clicked  on element signInSubmitlocator type: id
06/14/2019 06:19:28 AM - LoginPage - INFO: Element found
06/14/2019 06:19:31 AM - LoginPage - INFO:  Send data  on element twotabsearchtextboxlocator type: id
06/14/2019 06:22:21 AM - LoginPage - INFO: Element found
06/14/2019 06:22:22 AM - LoginPage - INFO:  Clicked  on element //span[text()='Hello, Sign in']locator type: xpath
06/14/2019 06:22:22 AM - LoginPage - INFO: Element found
06/14/2019 06:22:22 AM - LoginPage - INFO: Element found
06/14/2019 06:22:22 AM - LoginPage - INFO: Element found
06/14/2019 06:22:22 AM - LoginPage - INFO:  Send data  on element ap_emaillocator type: id
06/14/2019 06:22:22 AM - LoginPage - INFO: Element found
06/14/2019 06:22:23 AM - LoginPage - INFO:  Clicked  on element continuelocator type: id
06/14/2019 06:22:24 AM - LoginPage - INFO: Element found
06/14/2019 06:22:24 AM - LoginPage - INFO:  Send data  on element ap_passwordlocator type: id
06/14/2019 06:22:24 AM - LoginPage - INFO: Element found
06/14/2019 06:22:27 AM - LoginPage - INFO:  Clicked  on element signInSubmitlocator type: id
06/14/2019 06:22:29 AM - LoginPage - INFO: Element found
06/14/2019 06:22:32 AM - LoginPage - INFO:  Send data  on element twotabsearchtextboxlocator type: id
06/14/2019 06:23:20 AM - LoginPage - INFO: Element found
06/14/2019 06:23:25 AM - LoginPage - INFO:  Clicked  on element //span[text()='Hello, Sign in']locator type: xpath
06/14/2019 06:23:25 AM - LoginPage - INFO: Element found
06/14/2019 06:23:25 AM - LoginPage - INFO: Element found
06/14/2019 06:23:25 AM - LoginPage - INFO: Element found
06/14/2019 06:23:26 AM - LoginPage - INFO:  Send data  on element ap_emaillocator type: id
06/14/2019 06:23:26 AM - LoginPage - INFO: Element found
06/14/2019 06:23:27 AM - LoginPage - INFO:  Clicked  on element continuelocator type: id
06/14/2019 06:23:28 AM - LoginPage - INFO: Element found
06/14/2019 06:23:28 AM - LoginPage - INFO:  Send data  on element ap_passwordlocator type: id
06/14/2019 06:23:28 AM - LoginPage - INFO: Element found
06/14/2019 06:23:32 AM - LoginPage - INFO:  Clicked  on element signInSubmitlocator type: id
06/14/2019 06:23:34 AM - LoginPage - INFO: Element found
06/14/2019 06:23:37 AM - LoginPage - INFO:  Send data  on element twotabsearchtextboxlocator type: id
06/17/2019 06:36:46 AM - LoginPage - INFO: Element found
06/17/2019 06:36:46 AM - LoginPage - INFO:  Clicked  on element Loginlocator type: link
06/17/2019 06:36:49 AM - LoginPage - INFO: Element found
06/17/2019 06:36:49 AM - LoginPage - INFO:  Send data  on element user_emaillocator type: id
06/17/2019 06:36:49 AM - LoginPage - INFO: Element found
06/17/2019 06:36:49 AM - LoginPage - INFO:  Send data  on element user_passwordlocator type: id
06/17/2019 06:36:49 AM - LoginPage - INFO: Element found
06/17/2019 06:36:51 AM - LoginPage - INFO:  Clicked  on element commitlocator type: name
06/17/2019 06:36:51 AM - LoginPage - INFO: Element found
06/17/2019 06:36:51 AM - LoginPage - INFO: Element found
06/17/2019 06:36:54 AM - LoginPage - ERROR: Element not found
Traceback (most recent call last):
  File "/Users/aravindanathdm/Documents/Simple_Pom_py_fw/base/selenium_driver.py", line 52, in getElement
    element = self.driver.find_element(byType,locator)
  File "/Library/Frameworks/Python.framework/Versions/3.7/lib/python3.7/site-packages/selenium/webdriver/remote/webdriver.py", line 978, in find_element
    'value': value})['value']
  File "/Library/Frameworks/Python.framework/Versions/3.7/lib/python3.7/site-packages/selenium/webdriver/remote/webdriver.py", line 321, in execute
    self.error_handler.check_response(response)
  File "/Library/Frameworks/Python.framework/Versions/3.7/lib/python3.7/site-packages/selenium/webdriver/remote/errorhandler.py", line 242, in check_response
    raise exception_class(message, screen, stacktrace)
selenium.common.exceptions.NoSuchElementException: Message: Unable to locate element: Login

06/17/2019 06:36:54 AM - LoginPage - ERROR:  Cannot click  on element Loginlocator type: link
Traceback (most recent call last):
  File "/Users/aravindanathdm/Documents/Simple_Pom_py_fw/base/selenium_driver.py", line 64, in elementClick
    element.click()
AttributeError: 'NoneType' object has no attribute 'click'
06/17/2019 06:36:55 AM - LoginPage - INFO: Element found
06/17/2019 06:36:55 AM - LoginPage - INFO:  Send data  on element user_emaillocator type: id
06/17/2019 06:36:55 AM - LoginPage - INFO: Element found
06/17/2019 06:36:55 AM - LoginPage - INFO:  Send data  on element user_passwordlocator type: id
06/17/2019 06:36:55 AM - LoginPage - INFO: Element found
06/17/2019 06:36:55 AM - LoginPage - INFO:  Clicked  on element commitlocator type: name
06/17/2019 06:36:58 AM - LoginPage - ERROR: Element not found
Traceback (most recent call last):
  File "/Users/aravindanathdm/Documents/Simple_Pom_py_fw/base/selenium_driver.py", line 52, in getElement
    element = self.driver.find_element(byType,locator)
  File "/Library/Frameworks/Python.framework/Versions/3.7/lib/python3.7/site-packages/selenium/webdriver/remote/webdriver.py", line 978, in find_element
    'value': value})['value']
  File "/Library/Frameworks/Python.framework/Versions/3.7/lib/python3.7/site-packages/selenium/webdriver/remote/webdriver.py", line 321, in execute
    self.error_handler.check_response(response)
  File "/Library/Frameworks/Python.framework/Versions/3.7/lib/python3.7/site-packages/selenium/webdriver/remote/errorhandler.py", line 242, in check_response
    raise exception_class(message, screen, stacktrace)
selenium.common.exceptions.NoSuchElementException: Message: Unable to locate element: //*[@id='navbar']//span[text()='User Settings']

06/17/2019 06:36:58 AM - LoginPage - INFO: Element not found
06/17/2019 06:37:42 AM - LoginPage - ERROR: Element not found
Traceback (most recent call last):
  File "/Users/aravindanathdm/Documents/Simple_Pom_py_fw/base/selenium_driver.py", line 52, in getElement
    element = self.driver.find_element(byType,locator)
  File "/Library/Frameworks/Python.framework/Versions/3.7/lib/python3.7/site-packages/selenium/webdriver/remote/webdriver.py", line 978, in find_element
    'value': value})['value']
  File "/Library/Frameworks/Python.framework/Versions/3.7/lib/python3.7/site-packages/selenium/webdriver/remote/webdriver.py", line 321, in execute
    self.error_handler.check_response(response)
  File "/Library/Frameworks/Python.framework/Versions/3.7/lib/python3.7/site-packages/selenium/webdriver/remote/errorhandler.py", line 242, in check_response
    raise exception_class(message, screen, stacktrace)
selenium.common.exceptions.NoSuchElementException: Message: Unable to locate element: Login

06/17/2019 06:37:42 AM - LoginPage - ERROR:  Cannot click  on element Loginlocator type: link
Traceback (most recent call last):
  File "/Users/aravindanathdm/Documents/Simple_Pom_py_fw/base/selenium_driver.py", line 64, in elementClick
    element.click()
AttributeError: 'NoneType' object has no attribute 'click'
06/17/2019 06:37:47 AM - LoginPage - ERROR: Element not found
Traceback (most recent call last):
  File "/Users/aravindanathdm/Documents/Simple_Pom_py_fw/base/selenium_driver.py", line 52, in getElement
    element = self.driver.find_element(byType,locator)
  File "/Library/Frameworks/Python.framework/Versions/3.7/lib/python3.7/site-packages/selenium/webdriver/remote/webdriver.py", line 978, in find_element
    'value': value})['value']
  File "/Library/Frameworks/Python.framework/Versions/3.7/lib/python3.7/site-packages/selenium/webdriver/remote/webdriver.py", line 321, in execute
    self.error_handler.check_response(response)
  File "/Library/Frameworks/Python.framework/Versions/3.7/lib/python3.7/site-packages/selenium/webdriver/remote/errorhandler.py", line 242, in check_response
    raise exception_class(message, screen, stacktrace)
selenium.common.exceptions.WebDriverException: Message: Failed to convert data to an object

06/17/2019 06:37:47 AM - LoginPage - ERROR:  Cannot send data  on element user_emaillocator type: id
Traceback (most recent call last):
  File "/Users/aravindanathdm/Documents/Simple_Pom_py_fw/base/selenium_driver.py", line 74, in sendKeys
    element.send_keys(data)
AttributeError: 'NoneType' object has no attribute 'send_keys'
06/17/2019 06:37:47 AM - LoginPage - ERROR: Element not found
Traceback (most recent call last):
  File "/Users/aravindanathdm/Documents/Simple_Pom_py_fw/base/selenium_driver.py", line 52, in getElement
    element = self.driver.find_element(byType,locator)
  File "/Library/Frameworks/Python.framework/Versions/3.7/lib/python3.7/site-packages/selenium/webdriver/remote/webdriver.py", line 978, in find_element
    'value': value})['value']
  File "/Library/Frameworks/Python.framework/Versions/3.7/lib/python3.7/site-packages/selenium/webdriver/remote/webdriver.py", line 321, in execute
    self.error_handler.check_response(response)
  File "/Library/Frameworks/Python.framework/Versions/3.7/lib/python3.7/site-packages/selenium/webdriver/remote/errorhandler.py", line 242, in check_response
    raise exception_class(message, screen, stacktrace)
selenium.common.exceptions.NoSuchWindowException: Message: Browsing context has been discarded

06/17/2019 06:37:47 AM - LoginPage - ERROR:  Cannot send data  on element user_passwordlocator type: id
Traceback (most recent call last):
  File "/Users/aravindanathdm/Documents/Simple_Pom_py_fw/base/selenium_driver.py", line 74, in sendKeys
    element.send_keys(data)
AttributeError: 'NoneType' object has no attribute 'send_keys'
06/17/2019 06:37:47 AM - LoginPage - ERROR: Element not found
Traceback (most recent call last):
  File "/Users/aravindanathdm/Documents/Simple_Pom_py_fw/base/selenium_driver.py", line 52, in getElement
    element = self.driver.find_element(byType,locator)
  File "/Library/Frameworks/Python.framework/Versions/3.7/lib/python3.7/site-packages/selenium/webdriver/remote/webdriver.py", line 978, in find_element
    'value': value})['value']
  File "/Library/Frameworks/Python.framework/Versions/3.7/lib/python3.7/site-packages/selenium/webdriver/remote/webdriver.py", line 321, in execute
    self.error_handler.check_response(response)
  File "/Library/Frameworks/Python.framework/Versions/3.7/lib/python3.7/site-packages/selenium/webdriver/remote/errorhandler.py", line 242, in check_response
    raise exception_class(message, screen, stacktrace)
selenium.common.exceptions.NoSuchWindowException: Message: Browsing context has been discarded

06/17/2019 06:37:47 AM - LoginPage - ERROR:  Cannot click  on element commitlocator type: name
Traceback (most recent call last):
  File "/Users/aravindanathdm/Documents/Simple_Pom_py_fw/base/selenium_driver.py", line 64, in elementClick
    element.click()
AttributeError: 'NoneType' object has no attribute 'click'
06/17/2019 06:37:47 AM - LoginPage - ERROR: Element not found
Traceback (most recent call last):
  File "/Users/aravindanathdm/Documents/Simple_Pom_py_fw/base/selenium_driver.py", line 52, in getElement
    element = self.driver.find_element(byType,locator)
  File "/Library/Frameworks/Python.framework/Versions/3.7/lib/python3.7/site-packages/selenium/webdriver/remote/webdriver.py", line 978, in find_element
    'value': value})['value']
  File "/Library/Frameworks/Python.framework/Versions/3.7/lib/python3.7/site-packages/selenium/webdriver/remote/webdriver.py", line 321, in execute
    self.error_handler.check_response(response)
  File "/Library/Frameworks/Python.framework/Versions/3.7/lib/python3.7/site-packages/selenium/webdriver/remote/errorhandler.py", line 242, in check_response
    raise exception_class(message, screen, stacktrace)
selenium.common.exceptions.NoSuchWindowException: Message: Browsing context has been discarded

06/17/2019 06:37:47 AM - LoginPage - INFO: Element not found
06/17/2019 06:37:47 AM - LoginPage - ERROR: Element not found
Traceback (most recent call last):
  File "/Users/aravindanathdm/Documents/Simple_Pom_py_fw/base/selenium_driver.py", line 52, in getElement
    element = self.driver.find_element(byType,locator)
  File "/Library/Frameworks/Python.framework/Versions/3.7/lib/python3.7/site-packages/selenium/webdriver/remote/webdriver.py", line 978, in find_element
    'value': value})['value']
  File "/Library/Frameworks/Python.framework/Versions/3.7/lib/python3.7/site-packages/selenium/webdriver/remote/webdriver.py", line 321, in execute
    self.error_handler.check_response(response)
  File "/Library/Frameworks/Python.framework/Versions/3.7/lib/python3.7/site-packages/selenium/webdriver/remote/errorhandler.py", line 242, in check_response
    raise exception_class(message, screen, stacktrace)
selenium.common.exceptions.NoSuchWindowException: Message: Browsing context has been discarded

06/17/2019 06:37:47 AM - LoginPage - ERROR:  Cannot click  on element Loginlocator type: link
Traceback (most recent call last):
  File "/Users/aravindanathdm/Documents/Simple_Pom_py_fw/base/selenium_driver.py", line 64, in elementClick
    element.click()
AttributeError: 'NoneType' object has no attribute 'click'
06/17/2019 06:37:47 AM - LoginPage - ERROR: Element not found
Traceback (most recent call last):
  File "/Users/aravindanathdm/Documents/Simple_Pom_py_fw/base/selenium_driver.py", line 52, in getElement
    element = self.driver.find_element(byType,locator)
  File "/Library/Frameworks/Python.framework/Versions/3.7/lib/python3.7/site-packages/selenium/webdriver/remote/webdriver.py", line 978, in find_element
    'value': value})['value']
  File "/Library/Frameworks/Python.framework/Versions/3.7/lib/python3.7/site-packages/selenium/webdriver/remote/webdriver.py", line 321, in execute
    self.error_handler.check_response(response)
  File "/Library/Frameworks/Python.framework/Versions/3.7/lib/python3.7/site-packages/selenium/webdriver/remote/errorhandler.py", line 242, in check_response
    raise exception_class(message, screen, stacktrace)
selenium.common.exceptions.NoSuchWindowException: Message: Browsing context has been discarded

06/17/2019 06:37:47 AM - LoginPage - ERROR:  Cannot send data  on element user_emaillocator type: id
Traceback (most recent call last):
  File "/Users/aravindanathdm/Documents/Simple_Pom_py_fw/base/selenium_driver.py", line 74, in sendKeys
    element.send_keys(data)
AttributeError: 'NoneType' object has no attribute 'send_keys'
06/17/2019 06:37:47 AM - LoginPage - ERROR: Element not found
Traceback (most recent call last):
  File "/Users/aravindanathdm/Documents/Simple_Pom_py_fw/base/selenium_driver.py", line 52, in getElement
    element = self.driver.find_element(byType,locator)
  File "/Library/Frameworks/Python.framework/Versions/3.7/lib/python3.7/site-packages/selenium/webdriver/remote/webdriver.py", line 978, in find_element
    'value': value})['value']
  File "/Library/Frameworks/Python.framework/Versions/3.7/lib/python3.7/site-packages/selenium/webdriver/remote/webdriver.py", line 321, in execute
    self.error_handler.check_response(response)
  File "/Library/Frameworks/Python.framework/Versions/3.7/lib/python3.7/site-packages/selenium/webdriver/remote/errorhandler.py", line 242, in check_response
    raise exception_class(message, screen, stacktrace)
selenium.common.exceptions.NoSuchWindowException: Message: Browsing context has been discarded

06/17/2019 06:37:47 AM - LoginPage - ERROR:  Cannot send data  on element user_passwordlocator type: id
Traceback (most recent call last):
  File "/Users/aravindanathdm/Documents/Simple_Pom_py_fw/base/selenium_driver.py", line 74, in sendKeys
    element.send_keys(data)
AttributeError: 'NoneType' object has no attribute 'send_keys'
06/17/2019 06:37:47 AM - LoginPage - ERROR: Element not found
Traceback (most recent call last):
  File "/Users/aravindanathdm/Documents/Simple_Pom_py_fw/base/selenium_driver.py", line 52, in getElement
    element = self.driver.find_element(byType,locator)
  File "/Library/Frameworks/Python.framework/Versions/3.7/lib/python3.7/site-packages/selenium/webdriver/remote/webdriver.py", line 978, in find_element
    'value': value})['value']
  File "/Library/Frameworks/Python.framework/Versions/3.7/lib/python3.7/site-packages/selenium/webdriver/remote/webdriver.py", line 321, in execute
    self.error_handler.check_response(response)
  File "/Library/Frameworks/Python.framework/Versions/3.7/lib/python3.7/site-packages/selenium/webdriver/remote/errorhandler.py", line 242, in check_response
    raise exception_class(message, screen, stacktrace)
selenium.common.exceptions.NoSuchWindowException: Message: Browsing context has been discarded

06/17/2019 06:37:47 AM - LoginPage - ERROR:  Cannot click  on element commitlocator type: name
Traceback (most recent call last):
  File "/Users/aravindanathdm/Documents/Simple_Pom_py_fw/base/selenium_driver.py", line 64, in elementClick
    element.click()
AttributeError: 'NoneType' object has no attribute 'click'
06/17/2019 06:37:47 AM - LoginPage - ERROR: Element not found
Traceback (most recent call last):
  File "/Users/aravindanathdm/Documents/Simple_Pom_py_fw/base/selenium_driver.py", line 52, in getElement
    element = self.driver.find_element(byType,locator)
  File "/Library/Frameworks/Python.framework/Versions/3.7/lib/python3.7/site-packages/selenium/webdriver/remote/webdriver.py", line 978, in find_element
    'value': value})['value']
  File "/Library/Frameworks/Python.framework/Versions/3.7/lib/python3.7/site-packages/selenium/webdriver/remote/webdriver.py", line 321, in execute
    self.error_handler.check_response(response)
  File "/Library/Frameworks/Python.framework/Versions/3.7/lib/python3.7/site-packages/selenium/webdriver/remote/errorhandler.py", line 242, in check_response
    raise exception_class(message, screen, stacktrace)
selenium.common.exceptions.NoSuchWindowException: Message: Browsing context has been discarded

06/17/2019 06:37:47 AM - LoginPage - INFO: Element not found
06/17/2019 09:58:39 PM - LoginPage - ERROR: Element not found
Traceback (most recent call last):
  File "/Users/aravindanathdm/Documents/Simple_Pom_py_fw/base/selenium_driver.py", line 52, in getElement
    element = self.driver.find_element(byType,locator)
  File "/Library/Frameworks/Python.framework/Versions/3.7/lib/python3.7/site-packages/selenium/webdriver/remote/webdriver.py", line 978, in find_element
    'value': value})['value']
  File "/Library/Frameworks/Python.framework/Versions/3.7/lib/python3.7/site-packages/selenium/webdriver/remote/webdriver.py", line 321, in execute
    self.error_handler.check_response(response)
  File "/Library/Frameworks/Python.framework/Versions/3.7/lib/python3.7/site-packages/selenium/webdriver/remote/errorhandler.py", line 242, in check_response
    raise exception_class(message, screen, stacktrace)
selenium.common.exceptions.NoSuchElementException: Message: Unable to locate element: Login

06/17/2019 09:58:39 PM - LoginPage - ERROR:  Cannot click  on element Loginlocator type: link
Traceback (most recent call last):
  File "/Users/aravindanathdm/Documents/Simple_Pom_py_fw/base/selenium_driver.py", line 64, in elementClick
    element.click()
AttributeError: 'NoneType' object has no attribute 'click'
06/17/2019 09:58:42 PM - LoginPage - ERROR: Element not found
Traceback (most recent call last):
  File "/Users/aravindanathdm/Documents/Simple_Pom_py_fw/base/selenium_driver.py", line 52, in getElement
    element = self.driver.find_element(byType,locator)
  File "/Library/Frameworks/Python.framework/Versions/3.7/lib/python3.7/site-packages/selenium/webdriver/remote/webdriver.py", line 978, in find_element
    'value': value})['value']
  File "/Library/Frameworks/Python.framework/Versions/3.7/lib/python3.7/site-packages/selenium/webdriver/remote/webdriver.py", line 321, in execute
    self.error_handler.check_response(response)
  File "/Library/Frameworks/Python.framework/Versions/3.7/lib/python3.7/site-packages/selenium/webdriver/remote/errorhandler.py", line 242, in check_response
    raise exception_class(message, screen, stacktrace)
selenium.common.exceptions.NoSuchElementException: Message: Unable to locate element: [id="user_email"]

06/17/2019 09:58:42 PM - LoginPage - ERROR:  Cannot send data  on element user_emaillocator type: id
Traceback (most recent call last):
  File "/Users/aravindanathdm/Documents/Simple_Pom_py_fw/base/selenium_driver.py", line 74, in sendKeys
    element.send_keys(data)
AttributeError: 'NoneType' object has no attribute 'send_keys'
06/17/2019 09:58:45 PM - LoginPage - ERROR: Element not found
Traceback (most recent call last):
  File "/Users/aravindanathdm/Documents/Simple_Pom_py_fw/base/selenium_driver.py", line 52, in getElement
    element = self.driver.find_element(byType,locator)
  File "/Library/Frameworks/Python.framework/Versions/3.7/lib/python3.7/site-packages/selenium/webdriver/remote/webdriver.py", line 978, in find_element
    'value': value})['value']
  File "/Library/Frameworks/Python.framework/Versions/3.7/lib/python3.7/site-packages/selenium/webdriver/remote/webdriver.py", line 321, in execute
    self.error_handler.check_response(response)
  File "/Library/Frameworks/Python.framework/Versions/3.7/lib/python3.7/site-packages/selenium/webdriver/remote/errorhandler.py", line 242, in check_response
    raise exception_class(message, screen, stacktrace)
selenium.common.exceptions.NoSuchElementException: Message: Unable to locate element: [id="user_password"]

06/17/2019 09:58:45 PM - LoginPage - ERROR:  Cannot send data  on element user_passwordlocator type: id
Traceback (most recent call last):
  File "/Users/aravindanathdm/Documents/Simple_Pom_py_fw/base/selenium_driver.py", line 74, in sendKeys
    element.send_keys(data)
AttributeError: 'NoneType' object has no attribute 'send_keys'
06/17/2019 09:58:48 PM - LoginPage - ERROR: Element not found
Traceback (most recent call last):
  File "/Users/aravindanathdm/Documents/Simple_Pom_py_fw/base/selenium_driver.py", line 52, in getElement
    element = self.driver.find_element(byType,locator)
  File "/Library/Frameworks/Python.framework/Versions/3.7/lib/python3.7/site-packages/selenium/webdriver/remote/webdriver.py", line 978, in find_element
    'value': value})['value']
  File "/Library/Frameworks/Python.framework/Versions/3.7/lib/python3.7/site-packages/selenium/webdriver/remote/webdriver.py", line 321, in execute
    self.error_handler.check_response(response)
  File "/Library/Frameworks/Python.framework/Versions/3.7/lib/python3.7/site-packages/selenium/webdriver/remote/errorhandler.py", line 242, in check_response
    raise exception_class(message, screen, stacktrace)
selenium.common.exceptions.NoSuchElementException: Message: Unable to locate element: [name="commit"]

06/17/2019 09:58:48 PM - LoginPage - ERROR:  Cannot click  on element commitlocator type: name
Traceback (most recent call last):
  File "/Users/aravindanathdm/Documents/Simple_Pom_py_fw/base/selenium_driver.py", line 64, in elementClick
    element.click()
AttributeError: 'NoneType' object has no attribute 'click'
06/17/2019 09:58:51 PM - LoginPage - ERROR: Element not found
Traceback (most recent call last):
  File "/Users/aravindanathdm/Documents/Simple_Pom_py_fw/base/selenium_driver.py", line 52, in getElement
    element = self.driver.find_element(byType,locator)
  File "/Library/Frameworks/Python.framework/Versions/3.7/lib/python3.7/site-packages/selenium/webdriver/remote/webdriver.py", line 978, in find_element
    'value': value})['value']
  File "/Library/Frameworks/Python.framework/Versions/3.7/lib/python3.7/site-packages/selenium/webdriver/remote/webdriver.py", line 321, in execute
    self.error_handler.check_response(response)
  File "/Library/Frameworks/Python.framework/Versions/3.7/lib/python3.7/site-packages/selenium/webdriver/remote/errorhandler.py", line 242, in check_response
    raise exception_class(message, screen, stacktrace)
selenium.common.exceptions.NoSuchElementException: Message: Unable to locate element: //div[contains(text(),'Invalid email or password')]

06/17/2019 09:58:51 PM - LoginPage - INFO: Element not found
06/17/2019 09:58:55 PM - LoginPage - ERROR: Element not found
Traceback (most recent call last):
  File "/Users/aravindanathdm/Documents/Simple_Pom_py_fw/base/selenium_driver.py", line 52, in getElement
    element = self.driver.find_element(byType,locator)
  File "/Library/Frameworks/Python.framework/Versions/3.7/lib/python3.7/site-packages/selenium/webdriver/remote/webdriver.py", line 978, in find_element
    'value': value})['value']
  File "/Library/Frameworks/Python.framework/Versions/3.7/lib/python3.7/site-packages/selenium/webdriver/remote/webdriver.py", line 321, in execute
    self.error_handler.check_response(response)
  File "/Library/Frameworks/Python.framework/Versions/3.7/lib/python3.7/site-packages/selenium/webdriver/remote/errorhandler.py", line 242, in check_response
    raise exception_class(message, screen, stacktrace)
selenium.common.exceptions.NoSuchElementException: Message: Unable to locate element: Login

06/17/2019 09:58:55 PM - LoginPage - ERROR:  Cannot click  on element Loginlocator type: link
Traceback (most recent call last):
  File "/Users/aravindanathdm/Documents/Simple_Pom_py_fw/base/selenium_driver.py", line 64, in elementClick
    element.click()
AttributeError: 'NoneType' object has no attribute 'click'
06/17/2019 09:58:58 PM - LoginPage - ERROR: Element not found
Traceback (most recent call last):
  File "/Users/aravindanathdm/Documents/Simple_Pom_py_fw/base/selenium_driver.py", line 52, in getElement
    element = self.driver.find_element(byType,locator)
  File "/Library/Frameworks/Python.framework/Versions/3.7/lib/python3.7/site-packages/selenium/webdriver/remote/webdriver.py", line 978, in find_element
    'value': value})['value']
  File "/Library/Frameworks/Python.framework/Versions/3.7/lib/python3.7/site-packages/selenium/webdriver/remote/webdriver.py", line 321, in execute
    self.error_handler.check_response(response)
  File "/Library/Frameworks/Python.framework/Versions/3.7/lib/python3.7/site-packages/selenium/webdriver/remote/errorhandler.py", line 242, in check_response
    raise exception_class(message, screen, stacktrace)
selenium.common.exceptions.NoSuchElementException: Message: Unable to locate element: [id="user_email"]

06/17/2019 09:58:58 PM - LoginPage - ERROR:  Cannot send data  on element user_emaillocator type: id
Traceback (most recent call last):
  File "/Users/aravindanathdm/Documents/Simple_Pom_py_fw/base/selenium_driver.py", line 74, in sendKeys
    element.send_keys(data)
AttributeError: 'NoneType' object has no attribute 'send_keys'
06/17/2019 09:59:01 PM - LoginPage - ERROR: Element not found
Traceback (most recent call last):
  File "/Users/aravindanathdm/Documents/Simple_Pom_py_fw/base/selenium_driver.py", line 52, in getElement
    element = self.driver.find_element(byType,locator)
  File "/Library/Frameworks/Python.framework/Versions/3.7/lib/python3.7/site-packages/selenium/webdriver/remote/webdriver.py", line 978, in find_element
    'value': value})['value']
  File "/Library/Frameworks/Python.framework/Versions/3.7/lib/python3.7/site-packages/selenium/webdriver/remote/webdriver.py", line 321, in execute
    self.error_handler.check_response(response)
  File "/Library/Frameworks/Python.framework/Versions/3.7/lib/python3.7/site-packages/selenium/webdriver/remote/errorhandler.py", line 242, in check_response
    raise exception_class(message, screen, stacktrace)
selenium.common.exceptions.NoSuchElementException: Message: Unable to locate element: [id="user_password"]

06/17/2019 09:59:01 PM - LoginPage - ERROR:  Cannot send data  on element user_passwordlocator type: id
Traceback (most recent call last):
  File "/Users/aravindanathdm/Documents/Simple_Pom_py_fw/base/selenium_driver.py", line 74, in sendKeys
    element.send_keys(data)
AttributeError: 'NoneType' object has no attribute 'send_keys'
06/17/2019 09:59:04 PM - LoginPage - ERROR: Element not found
Traceback (most recent call last):
  File "/Users/aravindanathdm/Documents/Simple_Pom_py_fw/base/selenium_driver.py", line 52, in getElement
    element = self.driver.find_element(byType,locator)
  File "/Library/Frameworks/Python.framework/Versions/3.7/lib/python3.7/site-packages/selenium/webdriver/remote/webdriver.py", line 978, in find_element
    'value': value})['value']
  File "/Library/Frameworks/Python.framework/Versions/3.7/lib/python3.7/site-packages/selenium/webdriver/remote/webdriver.py", line 321, in execute
    self.error_handler.check_response(response)
  File "/Library/Frameworks/Python.framework/Versions/3.7/lib/python3.7/site-packages/selenium/webdriver/remote/errorhandler.py", line 242, in check_response
    raise exception_class(message, screen, stacktrace)
selenium.common.exceptions.NoSuchElementException: Message: Unable to locate element: [name="commit"]

06/17/2019 09:59:04 PM - LoginPage - ERROR:  Cannot click  on element commitlocator type: name
Traceback (most recent call last):
  File "/Users/aravindanathdm/Documents/Simple_Pom_py_fw/base/selenium_driver.py", line 64, in elementClick
    element.click()
AttributeError: 'NoneType' object has no attribute 'click'
06/17/2019 09:59:07 PM - LoginPage - ERROR: Element not found
Traceback (most recent call last):
  File "/Users/aravindanathdm/Documents/Simple_Pom_py_fw/base/selenium_driver.py", line 52, in getElement
    element = self.driver.find_element(byType,locator)
  File "/Library/Frameworks/Python.framework/Versions/3.7/lib/python3.7/site-packages/selenium/webdriver/remote/webdriver.py", line 978, in find_element
    'value': value})['value']
  File "/Library/Frameworks/Python.framework/Versions/3.7/lib/python3.7/site-packages/selenium/webdriver/remote/webdriver.py", line 321, in execute
    self.error_handler.check_response(response)
  File "/Library/Frameworks/Python.framework/Versions/3.7/lib/python3.7/site-packages/selenium/webdriver/remote/errorhandler.py", line 242, in check_response
    raise exception_class(message, screen, stacktrace)
selenium.common.exceptions.NoSuchElementException: Message: Unable to locate element: //*[@id='navbar']//span[text()='User Settings']

06/17/2019 09:59:07 PM - LoginPage - INFO: Element not found
06/18/2019 05:28:11 AM - LoginPage - INFO: Element found
06/18/2019 05:28:11 AM - LoginPage - INFO:  Clicked  on element //span[text()='Hello, Sign in']locator type: xpath
06/18/2019 05:28:12 AM - LoginPage - INFO: Element found
06/18/2019 05:28:12 AM - LoginPage - INFO: Element found
06/18/2019 05:28:15 AM - LoginPage - ERROR: Element not found
Traceback (most recent call last):
  File "/Users/aravindanathdm/Documents/Simple_Pom_py_fw/base/selenium_driver.py", line 55, in getElement
    element = self.driver.find_element(byType,locator)
  File "/Library/Frameworks/Python.framework/Versions/3.7/lib/python3.7/site-packages/selenium/webdriver/remote/webdriver.py", line 978, in find_element
    'value': value})['value']
  File "/Library/Frameworks/Python.framework/Versions/3.7/lib/python3.7/site-packages/selenium/webdriver/remote/webdriver.py", line 321, in execute
    self.error_handler.check_response(response)
  File "/Library/Frameworks/Python.framework/Versions/3.7/lib/python3.7/site-packages/selenium/webdriver/remote/errorhandler.py", line 242, in check_response
    raise exception_class(message, screen, stacktrace)
selenium.common.exceptions.NoSuchElementException: Message: Unable to locate element: [id="user_email"]

06/18/2019 05:28:15 AM - LoginPage - ERROR:  Cannot send data  on element user_emaillocator type: id
Traceback (most recent call last):
  File "/Users/aravindanathdm/Documents/Simple_Pom_py_fw/base/selenium_driver.py", line 77, in sendKeys
    element.send_keys(data)
AttributeError: 'NoneType' object has no attribute 'send_keys'
06/18/2019 05:28:18 AM - LoginPage - ERROR: Element not found
Traceback (most recent call last):
  File "/Users/aravindanathdm/Documents/Simple_Pom_py_fw/base/selenium_driver.py", line 55, in getElement
    element = self.driver.find_element(byType,locator)
  File "/Library/Frameworks/Python.framework/Versions/3.7/lib/python3.7/site-packages/selenium/webdriver/remote/webdriver.py", line 978, in find_element
    'value': value})['value']
  File "/Library/Frameworks/Python.framework/Versions/3.7/lib/python3.7/site-packages/selenium/webdriver/remote/webdriver.py", line 321, in execute
    self.error_handler.check_response(response)
  File "/Library/Frameworks/Python.framework/Versions/3.7/lib/python3.7/site-packages/selenium/webdriver/remote/errorhandler.py", line 242, in check_response
    raise exception_class(message, screen, stacktrace)
selenium.common.exceptions.NoSuchElementException: Message: Unable to locate element: [id="continue"]

06/18/2019 05:28:18 AM - LoginPage - ERROR:  Cannot click  on element continuelocator type: id
Traceback (most recent call last):
  File "/Users/aravindanathdm/Documents/Simple_Pom_py_fw/base/selenium_driver.py", line 67, in elementClick
    element.click()
AttributeError: 'NoneType' object has no attribute 'click'
06/18/2019 05:28:21 AM - LoginPage - ERROR: Element not found
Traceback (most recent call last):
  File "/Users/aravindanathdm/Documents/Simple_Pom_py_fw/base/selenium_driver.py", line 55, in getElement
    element = self.driver.find_element(byType,locator)
  File "/Library/Frameworks/Python.framework/Versions/3.7/lib/python3.7/site-packages/selenium/webdriver/remote/webdriver.py", line 978, in find_element
    'value': value})['value']
  File "/Library/Frameworks/Python.framework/Versions/3.7/lib/python3.7/site-packages/selenium/webdriver/remote/webdriver.py", line 321, in execute
    self.error_handler.check_response(response)
  File "/Library/Frameworks/Python.framework/Versions/3.7/lib/python3.7/site-packages/selenium/webdriver/remote/errorhandler.py", line 242, in check_response
    raise exception_class(message, screen, stacktrace)
selenium.common.exceptions.NoSuchElementException: Message: Unable to locate element: [id="user_password"]

06/18/2019 05:28:21 AM - LoginPage - ERROR:  Cannot send data  on element user_passwordlocator type: id
Traceback (most recent call last):
  File "/Users/aravindanathdm/Documents/Simple_Pom_py_fw/base/selenium_driver.py", line 77, in sendKeys
    element.send_keys(data)
AttributeError: 'NoneType' object has no attribute 'send_keys'
06/18/2019 05:28:21 AM - LoginPage - INFO: Element found
06/18/2019 05:28:21 AM - LoginPage - INFO:  Clicked  on element signInSubmitlocator type: id
06/18/2019 05:28:24 AM - LoginPage - ERROR: Element not found
Traceback (most recent call last):
  File "/Users/aravindanathdm/Documents/Simple_Pom_py_fw/base/selenium_driver.py", line 55, in getElement
    element = self.driver.find_element(byType,locator)
  File "/Library/Frameworks/Python.framework/Versions/3.7/lib/python3.7/site-packages/selenium/webdriver/remote/webdriver.py", line 978, in find_element
    'value': value})['value']
  File "/Library/Frameworks/Python.framework/Versions/3.7/lib/python3.7/site-packages/selenium/webdriver/remote/webdriver.py", line 321, in execute
    self.error_handler.check_response(response)
  File "/Library/Frameworks/Python.framework/Versions/3.7/lib/python3.7/site-packages/selenium/webdriver/remote/errorhandler.py", line 242, in check_response
    raise exception_class(message, screen, stacktrace)
selenium.common.exceptions.NoSuchElementException: Message: Unable to locate element: //*[@id='navbar']//span[text()='User Settings']

06/18/2019 05:28:24 AM - LoginPage - INFO: Element not found
06/18/2019 05:31:57 AM - LoginPage - INFO: Element found
06/18/2019 05:31:58 AM - LoginPage - INFO:  Clicked  on element //span[text()='Hello, Sign in']locator type: xpath
06/18/2019 05:31:58 AM - LoginPage - INFO: Element found
06/18/2019 05:31:58 AM - LoginPage - INFO: Element found
06/18/2019 05:32:01 AM - LoginPage - ERROR: Element not found
Traceback (most recent call last):
  File "/Users/aravindanathdm/Documents/Simple_Pom_py_fw/base/selenium_driver.py", line 55, in getElement
    element = self.driver.find_element(byType,locator)
  File "/Library/Frameworks/Python.framework/Versions/3.7/lib/python3.7/site-packages/selenium/webdriver/remote/webdriver.py", line 978, in find_element
    'value': value})['value']
  File "/Library/Frameworks/Python.framework/Versions/3.7/lib/python3.7/site-packages/selenium/webdriver/remote/webdriver.py", line 321, in execute
    self.error_handler.check_response(response)
  File "/Library/Frameworks/Python.framework/Versions/3.7/lib/python3.7/site-packages/selenium/webdriver/remote/errorhandler.py", line 242, in check_response
    raise exception_class(message, screen, stacktrace)
selenium.common.exceptions.NoSuchElementException: Message: Unable to locate element: [id="user_email"]

06/18/2019 05:32:01 AM - LoginPage - ERROR:  Cannot send data  on element user_emaillocator type: id
Traceback (most recent call last):
  File "/Users/aravindanathdm/Documents/Simple_Pom_py_fw/base/selenium_driver.py", line 77, in sendKeys
    element.send_keys(data)
AttributeError: 'NoneType' object has no attribute 'send_keys'
06/18/2019 05:32:05 AM - LoginPage - ERROR: Element not found
Traceback (most recent call last):
  File "/Users/aravindanathdm/Documents/Simple_Pom_py_fw/base/selenium_driver.py", line 55, in getElement
    element = self.driver.find_element(byType,locator)
  File "/Library/Frameworks/Python.framework/Versions/3.7/lib/python3.7/site-packages/selenium/webdriver/remote/webdriver.py", line 978, in find_element
    'value': value})['value']
  File "/Library/Frameworks/Python.framework/Versions/3.7/lib/python3.7/site-packages/selenium/webdriver/remote/webdriver.py", line 321, in execute
    self.error_handler.check_response(response)
  File "/Library/Frameworks/Python.framework/Versions/3.7/lib/python3.7/site-packages/selenium/webdriver/remote/errorhandler.py", line 242, in check_response
    raise exception_class(message, screen, stacktrace)
selenium.common.exceptions.NoSuchElementException: Message: Unable to locate element: [id="continue"]

06/18/2019 05:32:05 AM - LoginPage - ERROR:  Cannot click  on element continuelocator type: id
Traceback (most recent call last):
  File "/Users/aravindanathdm/Documents/Simple_Pom_py_fw/base/selenium_driver.py", line 67, in elementClick
    element.click()
AttributeError: 'NoneType' object has no attribute 'click'
06/18/2019 05:32:08 AM - LoginPage - ERROR: Element not found
Traceback (most recent call last):
  File "/Users/aravindanathdm/Documents/Simple_Pom_py_fw/base/selenium_driver.py", line 55, in getElement
    element = self.driver.find_element(byType,locator)
  File "/Library/Frameworks/Python.framework/Versions/3.7/lib/python3.7/site-packages/selenium/webdriver/remote/webdriver.py", line 978, in find_element
    'value': value})['value']
  File "/Library/Frameworks/Python.framework/Versions/3.7/lib/python3.7/site-packages/selenium/webdriver/remote/webdriver.py", line 321, in execute
    self.error_handler.check_response(response)
  File "/Library/Frameworks/Python.framework/Versions/3.7/lib/python3.7/site-packages/selenium/webdriver/remote/errorhandler.py", line 242, in check_response
    raise exception_class(message, screen, stacktrace)
selenium.common.exceptions.NoSuchElementException: Message: Unable to locate element: [id="user_password"]

06/18/2019 05:32:08 AM - LoginPage - ERROR:  Cannot send data  on element user_passwordlocator type: id
Traceback (most recent call last):
  File "/Users/aravindanathdm/Documents/Simple_Pom_py_fw/base/selenium_driver.py", line 77, in sendKeys
    element.send_keys(data)
AttributeError: 'NoneType' object has no attribute 'send_keys'
06/18/2019 05:32:08 AM - LoginPage - INFO: Element found
06/18/2019 05:32:08 AM - LoginPage - INFO:  Clicked  on element signInSubmitlocator type: id
06/18/2019 05:32:11 AM - LoginPage - ERROR: Element not found
Traceback (most recent call last):
  File "/Users/aravindanathdm/Documents/Simple_Pom_py_fw/base/selenium_driver.py", line 55, in getElement
    element = self.driver.find_element(byType,locator)
  File "/Library/Frameworks/Python.framework/Versions/3.7/lib/python3.7/site-packages/selenium/webdriver/remote/webdriver.py", line 978, in find_element
    'value': value})['value']
  File "/Library/Frameworks/Python.framework/Versions/3.7/lib/python3.7/site-packages/selenium/webdriver/remote/webdriver.py", line 321, in execute
    self.error_handler.check_response(response)
  File "/Library/Frameworks/Python.framework/Versions/3.7/lib/python3.7/site-packages/selenium/webdriver/remote/errorhandler.py", line 242, in check_response
    raise exception_class(message, screen, stacktrace)
selenium.common.exceptions.NoSuchElementException: Message: Unable to locate element: //*[@id='navbar']//span[text()='User Settings']

06/18/2019 05:32:11 AM - LoginPage - INFO: Element not found
06/18/2019 05:33:03 AM - LoginPage - INFO: Element found
06/18/2019 05:33:04 AM - LoginPage - INFO:  Clicked  on element //span[text()='Hello, Sign in']locator type: xpath
06/18/2019 05:33:04 AM - LoginPage - INFO: Element found
06/18/2019 05:33:04 AM - LoginPage - INFO: Element found
06/18/2019 05:33:07 AM - LoginPage - ERROR: Element not found
Traceback (most recent call last):
  File "/Users/aravindanathdm/Documents/Simple_Pom_py_fw/base/selenium_driver.py", line 55, in getElement
    element = self.driver.find_element(byType,locator)
  File "/Library/Frameworks/Python.framework/Versions/3.7/lib/python3.7/site-packages/selenium/webdriver/remote/webdriver.py", line 978, in find_element
    'value': value})['value']
  File "/Library/Frameworks/Python.framework/Versions/3.7/lib/python3.7/site-packages/selenium/webdriver/remote/webdriver.py", line 321, in execute
    self.error_handler.check_response(response)
  File "/Library/Frameworks/Python.framework/Versions/3.7/lib/python3.7/site-packages/selenium/webdriver/remote/errorhandler.py", line 242, in check_response
    raise exception_class(message, screen, stacktrace)
selenium.common.exceptions.NoSuchElementException: Message: Unable to locate element: [id="user_email"]

06/18/2019 05:33:07 AM - LoginPage - ERROR:  Cannot send data  on element user_emaillocator type: id
Traceback (most recent call last):
  File "/Users/aravindanathdm/Documents/Simple_Pom_py_fw/base/selenium_driver.py", line 77, in sendKeys
    element.send_keys(data)
AttributeError: 'NoneType' object has no attribute 'send_keys'
06/18/2019 05:33:10 AM - LoginPage - ERROR: Element not found
Traceback (most recent call last):
  File "/Users/aravindanathdm/Documents/Simple_Pom_py_fw/base/selenium_driver.py", line 55, in getElement
    element = self.driver.find_element(byType,locator)
  File "/Library/Frameworks/Python.framework/Versions/3.7/lib/python3.7/site-packages/selenium/webdriver/remote/webdriver.py", line 978, in find_element
    'value': value})['value']
  File "/Library/Frameworks/Python.framework/Versions/3.7/lib/python3.7/site-packages/selenium/webdriver/remote/webdriver.py", line 321, in execute
    self.error_handler.check_response(response)
  File "/Library/Frameworks/Python.framework/Versions/3.7/lib/python3.7/site-packages/selenium/webdriver/remote/errorhandler.py", line 242, in check_response
    raise exception_class(message, screen, stacktrace)
selenium.common.exceptions.NoSuchElementException: Message: Unable to locate element: [id="continue"]

06/18/2019 05:33:10 AM - LoginPage - ERROR:  Cannot click  on element continuelocator type: id
Traceback (most recent call last):
  File "/Users/aravindanathdm/Documents/Simple_Pom_py_fw/base/selenium_driver.py", line 67, in elementClick
    element.click()
AttributeError: 'NoneType' object has no attribute 'click'
06/18/2019 05:33:14 AM - LoginPage - ERROR: Element not found
Traceback (most recent call last):
  File "/Users/aravindanathdm/Documents/Simple_Pom_py_fw/base/selenium_driver.py", line 55, in getElement
    element = self.driver.find_element(byType,locator)
  File "/Library/Frameworks/Python.framework/Versions/3.7/lib/python3.7/site-packages/selenium/webdriver/remote/webdriver.py", line 978, in find_element
    'value': value})['value']
  File "/Library/Frameworks/Python.framework/Versions/3.7/lib/python3.7/site-packages/selenium/webdriver/remote/webdriver.py", line 321, in execute
    self.error_handler.check_response(response)
  File "/Library/Frameworks/Python.framework/Versions/3.7/lib/python3.7/site-packages/selenium/webdriver/remote/errorhandler.py", line 242, in check_response
    raise exception_class(message, screen, stacktrace)
selenium.common.exceptions.NoSuchElementException: Message: Unable to locate element: [id="user_password"]

06/18/2019 05:33:14 AM - LoginPage - ERROR:  Cannot send data  on element user_passwordlocator type: id
Traceback (most recent call last):
  File "/Users/aravindanathdm/Documents/Simple_Pom_py_fw/base/selenium_driver.py", line 77, in sendKeys
    element.send_keys(data)
AttributeError: 'NoneType' object has no attribute 'send_keys'
06/18/2019 05:33:14 AM - LoginPage - INFO: Element found
06/18/2019 05:33:14 AM - LoginPage - INFO:  Clicked  on element signInSubmitlocator type: id
06/18/2019 05:33:16 AM - LoginPage - ERROR: Element not found
Traceback (most recent call last):
  File "/Library/Frameworks/Python.framework/Versions/3.7/lib/python3.7/site-packages/urllib3/connectionpool.py", line 377, in _make_request
    httplib_response = conn.getresponse(buffering=True)
TypeError: getresponse() got an unexpected keyword argument 'buffering'

During handling of the above exception, another exception occurred:

Traceback (most recent call last):
  File "/Users/aravindanathdm/Documents/Simple_Pom_py_fw/base/selenium_driver.py", line 55, in getElement
    element = self.driver.find_element(byType,locator)
  File "/Library/Frameworks/Python.framework/Versions/3.7/lib/python3.7/site-packages/selenium/webdriver/remote/webdriver.py", line 978, in find_element
    'value': value})['value']
  File "/Library/Frameworks/Python.framework/Versions/3.7/lib/python3.7/site-packages/selenium/webdriver/remote/webdriver.py", line 319, in execute
    response = self.command_executor.execute(driver_command, params)
  File "/Library/Frameworks/Python.framework/Versions/3.7/lib/python3.7/site-packages/selenium/webdriver/remote/remote_connection.py", line 374, in execute
    return self._request(command_info[0], url, body=data)
  File "/Library/Frameworks/Python.framework/Versions/3.7/lib/python3.7/site-packages/selenium/webdriver/remote/remote_connection.py", line 397, in _request
    resp = self._conn.request(method, url, body=body, headers=headers)
  File "/Library/Frameworks/Python.framework/Versions/3.7/lib/python3.7/site-packages/urllib3/request.py", line 72, in request
    **urlopen_kw)
  File "/Library/Frameworks/Python.framework/Versions/3.7/lib/python3.7/site-packages/urllib3/request.py", line 150, in request_encode_body
    return self.urlopen(method, url, **extra_kw)
  File "/Library/Frameworks/Python.framework/Versions/3.7/lib/python3.7/site-packages/urllib3/poolmanager.py", line 323, in urlopen
    response = conn.urlopen(method, u.request_uri, **kw)
  File "/Library/Frameworks/Python.framework/Versions/3.7/lib/python3.7/site-packages/urllib3/connectionpool.py", line 600, in urlopen
    chunked=chunked)
  File "/Library/Frameworks/Python.framework/Versions/3.7/lib/python3.7/site-packages/urllib3/connectionpool.py", line 380, in _make_request
    httplib_response = conn.getresponse()
  File "/Library/Frameworks/Python.framework/Versions/3.7/lib/python3.7/http/client.py", line 1321, in getresponse
    response.begin()
  File "/Library/Frameworks/Python.framework/Versions/3.7/lib/python3.7/http/client.py", line 296, in begin
    version, status, reason = self._read_status()
  File "/Library/Frameworks/Python.framework/Versions/3.7/lib/python3.7/http/client.py", line 257, in _read_status
    line = str(self.fp.readline(_MAXLINE + 1), "iso-8859-1")
  File "/Library/Frameworks/Python.framework/Versions/3.7/lib/python3.7/socket.py", line 589, in readinto
    return self._sock.recv_into(b)
KeyboardInterrupt
06/18/2019 05:33:16 AM - LoginPage - INFO: Element not found
06/18/2019 05:34:12 AM - LoginPage - INFO: Element found
06/18/2019 05:34:12 AM - LoginPage - INFO:  Clicked  on element //span[text()='Hello, Sign in']locator type: xpath
06/18/2019 05:34:13 AM - LoginPage - INFO: Element found
06/18/2019 05:34:13 AM - LoginPage - INFO: Element found
06/18/2019 05:34:16 AM - LoginPage - ERROR: Element not found
Traceback (most recent call last):
  File "/Users/aravindanathdm/Documents/Simple_Pom_py_fw/base/selenium_driver.py", line 55, in getElement
    element = self.driver.find_element(byType,locator)
  File "/Library/Frameworks/Python.framework/Versions/3.7/lib/python3.7/site-packages/selenium/webdriver/remote/webdriver.py", line 978, in find_element
    'value': value})['value']
  File "/Library/Frameworks/Python.framework/Versions/3.7/lib/python3.7/site-packages/selenium/webdriver/remote/webdriver.py", line 321, in execute
    self.error_handler.check_response(response)
  File "/Library/Frameworks/Python.framework/Versions/3.7/lib/python3.7/site-packages/selenium/webdriver/remote/errorhandler.py", line 242, in check_response
    raise exception_class(message, screen, stacktrace)
selenium.common.exceptions.NoSuchElementException: Message: Unable to locate element: [id="user_email"]

06/18/2019 05:34:16 AM - LoginPage - ERROR:  Cannot send data  on element user_emaillocator type: id
Traceback (most recent call last):
  File "/Users/aravindanathdm/Documents/Simple_Pom_py_fw/base/selenium_driver.py", line 77, in sendKeys
    element.send_keys(data)
AttributeError: 'NoneType' object has no attribute 'send_keys'
06/18/2019 05:34:16 AM - LoginPage - INFO: Element found
06/18/2019 05:34:16 AM - LoginPage - INFO:  Clicked  on element continuelocator type: id
06/18/2019 05:34:19 AM - LoginPage - ERROR: Element not found
Traceback (most recent call last):
  File "/Users/aravindanathdm/Documents/Simple_Pom_py_fw/base/selenium_driver.py", line 55, in getElement
    element = self.driver.find_element(byType,locator)
  File "/Library/Frameworks/Python.framework/Versions/3.7/lib/python3.7/site-packages/selenium/webdriver/remote/webdriver.py", line 978, in find_element
    'value': value})['value']
  File "/Library/Frameworks/Python.framework/Versions/3.7/lib/python3.7/site-packages/selenium/webdriver/remote/webdriver.py", line 321, in execute
    self.error_handler.check_response(response)
  File "/Library/Frameworks/Python.framework/Versions/3.7/lib/python3.7/site-packages/selenium/webdriver/remote/errorhandler.py", line 242, in check_response
    raise exception_class(message, screen, stacktrace)
selenium.common.exceptions.NoSuchElementException: Message: Unable to locate element: [id="user_password"]

06/18/2019 05:34:19 AM - LoginPage - ERROR:  Cannot send data  on element user_passwordlocator type: id
Traceback (most recent call last):
  File "/Users/aravindanathdm/Documents/Simple_Pom_py_fw/base/selenium_driver.py", line 77, in sendKeys
    element.send_keys(data)
AttributeError: 'NoneType' object has no attribute 'send_keys'
06/18/2019 05:34:22 AM - LoginPage - ERROR: Element not found
Traceback (most recent call last):
  File "/Users/aravindanathdm/Documents/Simple_Pom_py_fw/base/selenium_driver.py", line 55, in getElement
    element = self.driver.find_element(byType,locator)
  File "/Library/Frameworks/Python.framework/Versions/3.7/lib/python3.7/site-packages/selenium/webdriver/remote/webdriver.py", line 978, in find_element
    'value': value})['value']
  File "/Library/Frameworks/Python.framework/Versions/3.7/lib/python3.7/site-packages/selenium/webdriver/remote/webdriver.py", line 321, in execute
    self.error_handler.check_response(response)
  File "/Library/Frameworks/Python.framework/Versions/3.7/lib/python3.7/site-packages/selenium/webdriver/remote/errorhandler.py", line 242, in check_response
    raise exception_class(message, screen, stacktrace)
selenium.common.exceptions.NoSuchElementException: Message: Unable to locate element: [id="signInSubmit"]

06/18/2019 05:34:22 AM - LoginPage - ERROR:  Cannot click  on element signInSubmitlocator type: id
Traceback (most recent call last):
  File "/Users/aravindanathdm/Documents/Simple_Pom_py_fw/base/selenium_driver.py", line 67, in elementClick
    element.click()
AttributeError: 'NoneType' object has no attribute 'click'
06/18/2019 05:34:25 AM - LoginPage - ERROR: Element not found
Traceback (most recent call last):
  File "/Users/aravindanathdm/Documents/Simple_Pom_py_fw/base/selenium_driver.py", line 55, in getElement
    element = self.driver.find_element(byType,locator)
  File "/Library/Frameworks/Python.framework/Versions/3.7/lib/python3.7/site-packages/selenium/webdriver/remote/webdriver.py", line 978, in find_element
    'value': value})['value']
  File "/Library/Frameworks/Python.framework/Versions/3.7/lib/python3.7/site-packages/selenium/webdriver/remote/webdriver.py", line 321, in execute
    self.error_handler.check_response(response)
  File "/Library/Frameworks/Python.framework/Versions/3.7/lib/python3.7/site-packages/selenium/webdriver/remote/errorhandler.py", line 242, in check_response
    raise exception_class(message, screen, stacktrace)
selenium.common.exceptions.NoSuchElementException: Message: Unable to locate element: //*[@id='navbar']//span[text()='User Settings']

06/18/2019 05:34:25 AM - LoginPage - INFO: Element not found
06/18/2019 05:35:31 AM - LoginPage - INFO: Element found
06/18/2019 05:35:33 AM - LoginPage - INFO:  Clicked  on element //span[text()='Hello, Sign in']locator type: xpath
06/18/2019 05:35:33 AM - LoginPage - INFO: Element found
06/18/2019 05:35:33 AM - LoginPage - INFO: Element found
06/18/2019 05:35:36 AM - LoginPage - ERROR: Element not found
Traceback (most recent call last):
  File "/Users/aravindanathdm/Documents/Simple_Pom_py_fw/base/selenium_driver.py", line 55, in getElement
    element = self.driver.find_element(byType,locator)
  File "/Library/Frameworks/Python.framework/Versions/3.7/lib/python3.7/site-packages/selenium/webdriver/remote/webdriver.py", line 978, in find_element
    'value': value})['value']
  File "/Library/Frameworks/Python.framework/Versions/3.7/lib/python3.7/site-packages/selenium/webdriver/remote/webdriver.py", line 321, in execute
    self.error_handler.check_response(response)
  File "/Library/Frameworks/Python.framework/Versions/3.7/lib/python3.7/site-packages/selenium/webdriver/remote/errorhandler.py", line 242, in check_response
    raise exception_class(message, screen, stacktrace)
selenium.common.exceptions.NoSuchElementException: Message: Unable to locate element: [id="user_email"]

06/18/2019 05:35:36 AM - LoginPage - ERROR:  Cannot send data  on element user_emaillocator type: id
Traceback (most recent call last):
  File "/Users/aravindanathdm/Documents/Simple_Pom_py_fw/base/selenium_driver.py", line 77, in sendKeys
    element.send_keys(data)
AttributeError: 'NoneType' object has no attribute 'send_keys'
06/18/2019 05:35:36 AM - LoginPage - INFO: Element found
06/18/2019 05:35:36 AM - LoginPage - INFO:  Clicked  on element continuelocator type: id
06/18/2019 05:35:39 AM - LoginPage - ERROR: Element not found
Traceback (most recent call last):
  File "/Users/aravindanathdm/Documents/Simple_Pom_py_fw/base/selenium_driver.py", line 55, in getElement
    element = self.driver.find_element(byType,locator)
  File "/Library/Frameworks/Python.framework/Versions/3.7/lib/python3.7/site-packages/selenium/webdriver/remote/webdriver.py", line 978, in find_element
    'value': value})['value']
  File "/Library/Frameworks/Python.framework/Versions/3.7/lib/python3.7/site-packages/selenium/webdriver/remote/webdriver.py", line 321, in execute
    self.error_handler.check_response(response)
  File "/Library/Frameworks/Python.framework/Versions/3.7/lib/python3.7/site-packages/selenium/webdriver/remote/errorhandler.py", line 242, in check_response
    raise exception_class(message, screen, stacktrace)
selenium.common.exceptions.NoSuchElementException: Message: Unable to locate element: [id="user_password"]

06/18/2019 05:35:39 AM - LoginPage - ERROR:  Cannot send data  on element user_passwordlocator type: id
Traceback (most recent call last):
  File "/Users/aravindanathdm/Documents/Simple_Pom_py_fw/base/selenium_driver.py", line 77, in sendKeys
    element.send_keys(data)
AttributeError: 'NoneType' object has no attribute 'send_keys'
06/18/2019 05:35:42 AM - LoginPage - ERROR: Element not found
Traceback (most recent call last):
  File "/Users/aravindanathdm/Documents/Simple_Pom_py_fw/base/selenium_driver.py", line 55, in getElement
    element = self.driver.find_element(byType,locator)
  File "/Library/Frameworks/Python.framework/Versions/3.7/lib/python3.7/site-packages/selenium/webdriver/remote/webdriver.py", line 978, in find_element
    'value': value})['value']
  File "/Library/Frameworks/Python.framework/Versions/3.7/lib/python3.7/site-packages/selenium/webdriver/remote/webdriver.py", line 321, in execute
    self.error_handler.check_response(response)
  File "/Library/Frameworks/Python.framework/Versions/3.7/lib/python3.7/site-packages/selenium/webdriver/remote/errorhandler.py", line 242, in check_response
    raise exception_class(message, screen, stacktrace)
selenium.common.exceptions.NoSuchElementException: Message: Unable to locate element: [id="signInSubmit"]

06/18/2019 05:35:42 AM - LoginPage - ERROR:  Cannot click  on element signInSubmitlocator type: id
Traceback (most recent call last):
  File "/Users/aravindanathdm/Documents/Simple_Pom_py_fw/base/selenium_driver.py", line 67, in elementClick
    element.click()
AttributeError: 'NoneType' object has no attribute 'click'
06/18/2019 05:35:45 AM - LoginPage - ERROR: Element not found
Traceback (most recent call last):
  File "/Users/aravindanathdm/Documents/Simple_Pom_py_fw/base/selenium_driver.py", line 55, in getElement
    element = self.driver.find_element(byType,locator)
  File "/Library/Frameworks/Python.framework/Versions/3.7/lib/python3.7/site-packages/selenium/webdriver/remote/webdriver.py", line 978, in find_element
    'value': value})['value']
  File "/Library/Frameworks/Python.framework/Versions/3.7/lib/python3.7/site-packages/selenium/webdriver/remote/webdriver.py", line 321, in execute
    self.error_handler.check_response(response)
  File "/Library/Frameworks/Python.framework/Versions/3.7/lib/python3.7/site-packages/selenium/webdriver/remote/errorhandler.py", line 242, in check_response
    raise exception_class(message, screen, stacktrace)
selenium.common.exceptions.NoSuchElementException: Message: Unable to locate element: //*[@id='navbar']//span[text()='User Settings']

06/18/2019 05:35:45 AM - LoginPage - INFO: Element not found
06/18/2019 05:37:25 AM - LoginPage - INFO: Element found
06/18/2019 05:37:26 AM - LoginPage - INFO:  Clicked  on element //span[text()='Hello, Sign in']locator type: xpath
06/18/2019 05:37:27 AM - LoginPage - INFO: Element found
06/18/2019 05:37:27 AM - LoginPage - INFO: Element found
06/18/2019 05:37:27 AM - LoginPage - INFO: Element found
06/18/2019 05:37:27 AM - LoginPage - INFO:  Send data  on element ap_emaillocator type: id
06/18/2019 05:37:27 AM - LoginPage - INFO: Element found
06/18/2019 05:37:28 AM - LoginPage - INFO:  Clicked  on element continuelocator type: id
06/18/2019 05:37:28 AM - LoginPage - INFO: Element found
06/18/2019 05:37:29 AM - LoginPage - INFO:  Send data  on element ap_passwordlocator type: id
06/18/2019 05:37:29 AM - LoginPage - INFO: Element found
06/18/2019 05:37:32 AM - LoginPage - INFO:  Clicked  on element signInSubmitlocator type: id
06/18/2019 05:37:35 AM - LoginPage - ERROR: Element not found
Traceback (most recent call last):
  File "/Users/aravindanathdm/Documents/Simple_Pom_py_fw/base/selenium_driver.py", line 55, in getElement
    element = self.driver.find_element(byType,locator)
  File "/Library/Frameworks/Python.framework/Versions/3.7/lib/python3.7/site-packages/selenium/webdriver/remote/webdriver.py", line 978, in find_element
    'value': value})['value']
  File "/Library/Frameworks/Python.framework/Versions/3.7/lib/python3.7/site-packages/selenium/webdriver/remote/webdriver.py", line 321, in execute
    self.error_handler.check_response(response)
  File "/Library/Frameworks/Python.framework/Versions/3.7/lib/python3.7/site-packages/selenium/webdriver/remote/errorhandler.py", line 242, in check_response
    raise exception_class(message, screen, stacktrace)
selenium.common.exceptions.NoSuchElementException: Message: Unable to locate element: //*[@id='navbar']//span[text()='User Settings']

06/18/2019 05:37:35 AM - LoginPage - INFO: Element not found
06/18/2019 05:37:50 AM - LoginPage - INFO: Element found
06/18/2019 05:37:51 AM - LoginPage - INFO:  Clicked  on element //span[text()='Hello, Sign in']locator type: xpath
06/18/2019 05:37:51 AM - LoginPage - INFO: Element found
06/18/2019 05:37:51 AM - LoginPage - INFO:  Send data  on element ap_emaillocator type: id
06/18/2019 05:37:51 AM - LoginPage - INFO: Element found
06/18/2019 05:37:53 AM - LoginPage - INFO:  Clicked  on element continuelocator type: id
06/18/2019 05:37:53 AM - LoginPage - INFO: Element found
06/18/2019 05:37:53 AM - LoginPage - INFO:  Clicked  on element signInSubmitlocator type: id
06/18/2019 05:37:53 AM - LoginPage - ERROR: Element not found
Traceback (most recent call last):
  File "/Users/aravindanathdm/Documents/Simple_Pom_py_fw/base/selenium_driver.py", line 55, in getElement
    element = self.driver.find_element(byType,locator)
  File "/Library/Frameworks/Python.framework/Versions/3.7/lib/python3.7/site-packages/selenium/webdriver/remote/webdriver.py", line 978, in find_element
    'value': value})['value']
  File "/Library/Frameworks/Python.framework/Versions/3.7/lib/python3.7/site-packages/selenium/webdriver/remote/webdriver.py", line 321, in execute
    self.error_handler.check_response(response)
  File "/Library/Frameworks/Python.framework/Versions/3.7/lib/python3.7/site-packages/selenium/webdriver/remote/errorhandler.py", line 242, in check_response
    raise exception_class(message, screen, stacktrace)
selenium.common.exceptions.InvalidSelectorException: Message: Given xpath expression "//*[@id='auth-email-missing-alert']/div/div]" is invalid: SyntaxError: The expression is not a legal expression.

06/18/2019 05:37:53 AM - LoginPage - INFO: Element not found
06/18/2019 05:37:58 AM - LoginPage - ERROR: Element not found
Traceback (most recent call last):
  File "/Users/aravindanathdm/Documents/Simple_Pom_py_fw/base/selenium_driver.py", line 55, in getElement
    element = self.driver.find_element(byType,locator)
  File "/Library/Frameworks/Python.framework/Versions/3.7/lib/python3.7/site-packages/selenium/webdriver/remote/webdriver.py", line 978, in find_element
    'value': value})['value']
  File "/Library/Frameworks/Python.framework/Versions/3.7/lib/python3.7/site-packages/selenium/webdriver/remote/webdriver.py", line 321, in execute
    self.error_handler.check_response(response)
  File "/Library/Frameworks/Python.framework/Versions/3.7/lib/python3.7/site-packages/selenium/webdriver/remote/errorhandler.py", line 242, in check_response
    raise exception_class(message, screen, stacktrace)
selenium.common.exceptions.NoSuchElementException: Message: Unable to locate element: //span[text()='Hello, Sign in']

06/18/2019 05:37:58 AM - LoginPage - ERROR:  Cannot click  on element //span[text()='Hello, Sign in']locator type: xpath
Traceback (most recent call last):
  File "/Users/aravindanathdm/Documents/Simple_Pom_py_fw/base/selenium_driver.py", line 67, in elementClick
    element.click()
AttributeError: 'NoneType' object has no attribute 'click'
06/18/2019 05:37:58 AM - LoginPage - INFO: Element found
06/18/2019 05:37:58 AM - LoginPage - INFO: Element found
06/18/2019 05:37:58 AM - LoginPage - INFO: Element found
06/18/2019 05:37:58 AM - LoginPage - ERROR:  Cannot send data  on element ap_emaillocator type: id
Traceback (most recent call last):
  File "/Users/aravindanathdm/Documents/Simple_Pom_py_fw/base/selenium_driver.py", line 77, in sendKeys
    element.send_keys(data)
  File "/Library/Frameworks/Python.framework/Versions/3.7/lib/python3.7/site-packages/selenium/webdriver/remote/webelement.py", line 479, in send_keys
    'value': keys_to_typing(value)})
  File "/Library/Frameworks/Python.framework/Versions/3.7/lib/python3.7/site-packages/selenium/webdriver/remote/webelement.py", line 633, in _execute
    return self._parent.execute(command, params)
  File "/Library/Frameworks/Python.framework/Versions/3.7/lib/python3.7/site-packages/selenium/webdriver/remote/webdriver.py", line 321, in execute
    self.error_handler.check_response(response)
  File "/Library/Frameworks/Python.framework/Versions/3.7/lib/python3.7/site-packages/selenium/webdriver/remote/errorhandler.py", line 242, in check_response
    raise exception_class(message, screen, stacktrace)
selenium.common.exceptions.ElementNotInteractableException: Message: Element <input id="ap_email" name="email" type="hidden"> is not reachable by keyboard

06/18/2019 05:38:01 AM - LoginPage - ERROR: Element not found
Traceback (most recent call last):
  File "/Users/aravindanathdm/Documents/Simple_Pom_py_fw/base/selenium_driver.py", line 55, in getElement
    element = self.driver.find_element(byType,locator)
  File "/Library/Frameworks/Python.framework/Versions/3.7/lib/python3.7/site-packages/selenium/webdriver/remote/webdriver.py", line 978, in find_element
    'value': value})['value']
  File "/Library/Frameworks/Python.framework/Versions/3.7/lib/python3.7/site-packages/selenium/webdriver/remote/webdriver.py", line 321, in execute
    self.error_handler.check_response(response)
  File "/Library/Frameworks/Python.framework/Versions/3.7/lib/python3.7/site-packages/selenium/webdriver/remote/errorhandler.py", line 242, in check_response
    raise exception_class(message, screen, stacktrace)
selenium.common.exceptions.NoSuchElementException: Message: Unable to locate element: [id="continue"]

06/18/2019 05:38:01 AM - LoginPage - ERROR:  Cannot click  on element continuelocator type: id
Traceback (most recent call last):
  File "/Users/aravindanathdm/Documents/Simple_Pom_py_fw/base/selenium_driver.py", line 67, in elementClick
    element.click()
AttributeError: 'NoneType' object has no attribute 'click'
06/18/2019 05:38:01 AM - LoginPage - INFO: Element found
06/18/2019 05:38:02 AM - LoginPage - INFO:  Send data  on element ap_passwordlocator type: id
06/18/2019 05:38:02 AM - LoginPage - INFO: Element found
06/18/2019 05:38:04 AM - LoginPage - INFO:  Clicked  on element signInSubmitlocator type: id
06/18/2019 05:38:07 AM - LoginPage - ERROR: Element not found
Traceback (most recent call last):
  File "/Users/aravindanathdm/Documents/Simple_Pom_py_fw/base/selenium_driver.py", line 55, in getElement
    element = self.driver.find_element(byType,locator)
  File "/Library/Frameworks/Python.framework/Versions/3.7/lib/python3.7/site-packages/selenium/webdriver/remote/webdriver.py", line 978, in find_element
    'value': value})['value']
  File "/Library/Frameworks/Python.framework/Versions/3.7/lib/python3.7/site-packages/selenium/webdriver/remote/webdriver.py", line 321, in execute
    self.error_handler.check_response(response)
  File "/Library/Frameworks/Python.framework/Versions/3.7/lib/python3.7/site-packages/selenium/webdriver/remote/errorhandler.py", line 242, in check_response
    raise exception_class(message, screen, stacktrace)
selenium.common.exceptions.NoSuchElementException: Message: Unable to locate element: //*[@id='navbar']//span[text()='User Settings']

06/18/2019 05:38:07 AM - LoginPage - INFO: Element not found
06/18/2019 05:39:02 AM - LoginPage - INFO: Element found
06/18/2019 05:39:04 AM - LoginPage - INFO:  Clicked  on element //span[text()='Hello, Sign in']locator type: xpath
06/18/2019 05:39:04 AM - LoginPage - INFO: Element found
06/18/2019 05:39:04 AM - LoginPage - INFO: Element found
06/18/2019 05:39:04 AM - LoginPage - INFO: Element found
06/18/2019 05:39:04 AM - LoginPage - INFO:  Send data  on element ap_emaillocator type: id
06/18/2019 05:39:04 AM - LoginPage - INFO: Element found
06/18/2019 05:39:05 AM - LoginPage - INFO:  Clicked  on element continuelocator type: id
06/18/2019 05:39:06 AM - LoginPage - INFO: Element found
06/18/2019 05:39:06 AM - LoginPage - INFO:  Send data  on element ap_passwordlocator type: id
06/18/2019 05:39:06 AM - LoginPage - INFO: Element found
06/18/2019 05:39:08 AM - LoginPage - INFO:  Clicked  on element signInSubmitlocator type: id
06/18/2019 05:39:11 AM - LoginPage - ERROR: Element not found
Traceback (most recent call last):
  File "/Users/aravindanathdm/Documents/Simple_Pom_py_fw/base/selenium_driver.py", line 55, in getElement
    element = self.driver.find_element(byType,locator)
  File "/Library/Frameworks/Python.framework/Versions/3.7/lib/python3.7/site-packages/selenium/webdriver/remote/webdriver.py", line 978, in find_element
    'value': value})['value']
  File "/Library/Frameworks/Python.framework/Versions/3.7/lib/python3.7/site-packages/selenium/webdriver/remote/webdriver.py", line 321, in execute
    self.error_handler.check_response(response)
  File "/Library/Frameworks/Python.framework/Versions/3.7/lib/python3.7/site-packages/selenium/webdriver/remote/errorhandler.py", line 242, in check_response
    raise exception_class(message, screen, stacktrace)
selenium.common.exceptions.NoSuchElementException: Message: Unable to locate element: //*[@id='navbar']//span[text()='User Settings']

06/18/2019 05:39:11 AM - LoginPage - INFO: Element not found
06/18/2019 05:42:58 AM - LoginPage - INFO: Element found
06/18/2019 05:42:59 AM - LoginPage - INFO:  Clicked  on element //span[text()='Hello, Sign in']locator type: xpath
06/18/2019 05:42:59 AM - LoginPage - INFO: Element found
06/18/2019 05:42:59 AM - LoginPage - INFO: Element found
06/18/2019 05:42:59 AM - LoginPage - INFO: Element found
06/18/2019 05:42:59 AM - LoginPage - INFO:  Send data  on element ap_emaillocator type: id
06/18/2019 05:42:59 AM - LoginPage - INFO: Element found
06/18/2019 05:43:00 AM - LoginPage - INFO:  Clicked  on element continuelocator type: id
06/18/2019 05:43:00 AM - LoginPage - INFO: Element found
06/18/2019 05:43:00 AM - LoginPage - INFO:  Send data  on element ap_passwordlocator type: id
06/18/2019 05:43:00 AM - LoginPage - INFO: Element found
06/18/2019 05:43:03 AM - LoginPage - INFO:  Clicked  on element signInSubmitlocator type: id
06/18/2019 05:43:06 AM - LoginPage - ERROR: Element not found
Traceback (most recent call last):
  File "/Users/aravindanathdm/Documents/Simple_Pom_py_fw/base/selenium_driver.py", line 55, in getElement
    element = self.driver.find_element(byType,locator)
  File "/Library/Frameworks/Python.framework/Versions/3.7/lib/python3.7/site-packages/selenium/webdriver/remote/webdriver.py", line 978, in find_element
    'value': value})['value']
  File "/Library/Frameworks/Python.framework/Versions/3.7/lib/python3.7/site-packages/selenium/webdriver/remote/webdriver.py", line 321, in execute
    self.error_handler.check_response(response)
  File "/Library/Frameworks/Python.framework/Versions/3.7/lib/python3.7/site-packages/selenium/webdriver/remote/errorhandler.py", line 242, in check_response
    raise exception_class(message, screen, stacktrace)
selenium.common.exceptions.NoSuchElementException: Message: Unable to locate element: //*[@id='navbar']//span[text()='User Settings']

06/18/2019 05:43:06 AM - LoginPage - INFO: Element not found
06/18/2019 05:44:34 AM - LoginPage - INFO: Element found
06/18/2019 05:44:35 AM - LoginPage - INFO:  Clicked  on element //span[text()='Hello, Sign in']locator type: xpath
06/18/2019 05:44:35 AM - LoginPage - INFO: Element found
06/18/2019 05:44:35 AM - LoginPage - INFO: Element found
06/18/2019 05:44:35 AM - LoginPage - INFO: Element found
06/18/2019 05:44:35 AM - LoginPage - INFO:  Send data  on element ap_emaillocator type: id
06/18/2019 05:44:35 AM - LoginPage - INFO: Element found
06/18/2019 05:44:36 AM - LoginPage - INFO:  Clicked  on element continuelocator type: id
06/18/2019 05:44:36 AM - LoginPage - INFO: Element found
06/18/2019 05:44:36 AM - LoginPage - INFO:  Send data  on element ap_passwordlocator type: id
06/18/2019 05:44:36 AM - LoginPage - INFO: Element found
06/18/2019 05:44:39 AM - LoginPage - INFO:  Clicked  on element signInSubmitlocator type: id
06/18/2019 05:44:39 AM - LoginPage - INFO: Element found
06/18/2019 05:44:39 AM - LoginPage - INFO: Element found
06/18/2019 06:18:24 AM - LoginPage - INFO: Element found
06/18/2019 06:18:25 AM - LoginPage - INFO:  Clicked  on element //span[text()='Hello, Sign in']locator type: xpath
06/18/2019 06:18:25 AM - LoginPage - INFO: Element found
06/18/2019 06:18:25 AM - LoginPage - INFO: Element found
06/18/2019 06:18:25 AM - LoginPage - INFO: Element found
06/18/2019 06:18:25 AM - LoginPage - INFO:  Send data  on element ap_emaillocator type: id
06/18/2019 06:18:25 AM - LoginPage - INFO: Element found
06/18/2019 06:18:26 AM - LoginPage - INFO:  Clicked  on element continuelocator type: id
06/18/2019 06:18:27 AM - LoginPage - INFO: Element found
06/18/2019 06:18:27 AM - LoginPage - INFO:  Send data  on element ap_passwordlocator type: id
06/18/2019 06:18:27 AM - LoginPage - INFO: Element found
06/18/2019 06:18:30 AM - LoginPage - INFO:  Clicked  on element signInSubmitlocator type: id
06/18/2019 06:18:30 AM - TestStatus - INFO: ### VERIFICATION SUCCESSFUL :: + Title mismatch!
06/18/2019 06:18:30 AM - LoginPage - INFO: Element found
06/18/2019 06:18:30 AM - LoginPage - INFO: Element found
06/18/2019 06:18:30 AM - TestStatus - INFO: ### VERIFICATION SUCCESSFUL :: + Login was not successful
06/18/2019 06:18:30 AM - TestStatus - INFO: test_validLogin ### TEST SUCCESSFUL
06/18/2019 06:21:35 AM - LoginPage - INFO: Element found
06/18/2019 06:21:35 AM - LoginPage - INFO:  Clicked  on element //span[text()='Hello, Sign in']locator type: xpath
06/18/2019 06:21:35 AM - LoginPage - INFO: Element found
06/18/2019 06:21:35 AM - LoginPage - INFO: Element found
06/18/2019 06:21:35 AM - LoginPage - INFO: Element found
06/18/2019 06:21:36 AM - LoginPage - INFO:  Send data  on element ap_emaillocator type: id
06/18/2019 06:21:36 AM - LoginPage - INFO: Element found
06/18/2019 06:21:37 AM - LoginPage - INFO:  Clicked  on element continuelocator type: id
06/18/2019 06:21:37 AM - LoginPage - INFO: Element found
06/18/2019 06:21:37 AM - LoginPage - INFO:  Send data  on element ap_passwordlocator type: id
06/18/2019 06:21:37 AM - LoginPage - INFO: Element found
06/18/2019 06:21:40 AM - LoginPage - INFO:  Clicked  on element signInSubmitlocator type: id
06/18/2019 06:21:41 AM - TestStatus - INFO: ### VERIFICATION SUCCESSFUL :: + Title mismatch!
06/18/2019 06:21:41 AM - LoginPage - INFO: Element found
06/18/2019 06:21:41 AM - LoginPage - INFO: Element found
06/18/2019 06:21:41 AM - TestStatus - INFO: ### VERIFICATION SUCCESSFUL :: + Login was not successful
06/18/2019 06:21:41 AM - TestStatus - INFO: test_validLogin ### TEST SUCCESSFUL
06/18/2019 06:24:20 AM - LoginPage - INFO: Element found
06/18/2019 06:24:20 AM - LoginPage - INFO:  Clicked  on element //span[text()='Hello, Sign in']locator type: xpath
06/18/2019 06:24:21 AM - LoginPage - INFO: Element found
06/18/2019 06:24:21 AM - LoginPage - INFO: Element found
06/18/2019 06:24:21 AM - LoginPage - INFO: Element found
06/18/2019 06:24:21 AM - LoginPage - INFO:  Send data  on element ap_emaillocator type: id
06/18/2019 06:24:21 AM - LoginPage - INFO: Element found
06/18/2019 06:24:22 AM - LoginPage - INFO:  Clicked  on element continuelocator type: id
06/18/2019 06:24:23 AM - LoginPage - INFO: Element found
06/18/2019 06:24:23 AM - LoginPage - INFO:  Send data  on element ap_passwordlocator type: id
06/18/2019 06:24:23 AM - LoginPage - INFO: Element found
06/18/2019 06:24:26 AM - LoginPage - INFO:  Clicked  on element signInSubmitlocator type: id
06/18/2019 06:24:26 AM - TestStatus - INFO: ### VERIFICATION SUCCESSFUL :: + Title mismatch!
06/18/2019 06:24:26 AM - LoginPage - INFO: Element found
06/18/2019 06:24:26 AM - LoginPage - INFO: Element found
06/18/2019 06:24:26 AM - TestStatus - INFO: ### VERIFICATION SUCCESSFUL :: + Login was not successful
06/18/2019 06:24:26 AM - TestStatus - INFO: test_validLogin ### TEST SUCCESSFUL
06/18/2019 06:26:42 AM - LoginPage - INFO: Element found
06/18/2019 06:26:42 AM - LoginPage - INFO:  Clicked  on element //span[text()='Hello, Sign in']locator type: xpath
06/18/2019 06:26:43 AM - LoginPage - INFO: Element found
06/18/2019 06:26:43 AM - LoginPage - INFO: Element found
06/18/2019 06:26:43 AM - LoginPage - INFO: Element found
06/18/2019 06:26:43 AM - LoginPage - INFO:  Send data  on element ap_emaillocator type: id
06/18/2019 06:26:43 AM - LoginPage - INFO: Element found
06/18/2019 06:26:44 AM - LoginPage - INFO:  Clicked  on element continuelocator type: id
06/18/2019 06:26:45 AM - LoginPage - INFO: Element found
06/18/2019 06:26:45 AM - LoginPage - INFO:  Send data  on element ap_passwordlocator type: id
06/18/2019 06:26:45 AM - LoginPage - INFO: Element found
06/18/2019 06:26:48 AM - LoginPage - INFO:  Clicked  on element signInSubmitlocator type: id
06/18/2019 06:26:48 AM - LoginPage - INFO: Element found
06/18/2019 06:26:48 AM - LoginPage - INFO: Element found
06/18/2019 06:26:48 AM - TestStatus - INFO: ### VERIFICATION SUCCESSFUL :: + Login Verification
06/18/2019 06:26:48 AM - TestStatus - INFO: test_validLogin ### TEST SUCCESSFUL
06/18/2019 06:28:35 AM - LoginPage - INFO: Element found
06/18/2019 06:28:36 AM - LoginPage - INFO:  Clicked  on element //span[text()='Hello, Sign in']locator type: xpath
06/18/2019 06:28:36 AM - LoginPage - INFO: Element found
06/18/2019 06:28:36 AM - LoginPage - INFO: Element found
06/18/2019 06:28:36 AM - LoginPage - INFO: Element found
06/18/2019 06:28:37 AM - LoginPage - INFO:  Send data  on element ap_emaillocator type: id
06/18/2019 06:28:37 AM - LoginPage - INFO: Element found
06/18/2019 06:28:38 AM - LoginPage - INFO:  Clicked  on element continuelocator type: id
06/18/2019 06:28:39 AM - LoginPage - INFO: Element found
06/18/2019 06:28:39 AM - LoginPage - INFO:  Send data  on element ap_passwordlocator type: id
06/18/2019 06:28:39 AM - LoginPage - INFO: Element found
06/18/2019 06:28:44 AM - LoginPage - INFO:  Clicked  on element signInSubmitlocator type: id
06/18/2019 06:28:44 AM - TestStatus - INFO: ### VERIFICATION SUCCESSFUL :: + Title mismatch!
06/18/2019 06:28:44 AM - LoginPage - INFO: Element found
06/18/2019 06:28:44 AM - LoginPage - INFO: Element found
06/18/2019 06:28:44 AM - TestStatus - INFO: ### VERIFICATION SUCCESSFUL :: + Login was not successful
06/18/2019 06:28:44 AM - TestStatus - INFO: test_validLogin ### TEST SUCCESSFUL
06/18/2019 06:29:59 AM - LoginPage - INFO: Element found
06/18/2019 06:30:02 AM - LoginPage - INFO:  Clicked  on element //span[text()='Hello, Sign in']locator type: xpath
06/18/2019 06:30:02 AM - LoginPage - INFO: Element found
06/18/2019 06:30:02 AM - LoginPage - INFO: Element found
06/18/2019 06:30:02 AM - LoginPage - INFO: Element found
06/18/2019 06:30:03 AM - LoginPage - INFO:  Send data  on element ap_emaillocator type: id
06/18/2019 06:30:03 AM - LoginPage - INFO: Element found
06/18/2019 06:30:04 AM - LoginPage - INFO:  Clicked  on element continuelocator type: id
06/18/2019 06:30:05 AM - LoginPage - INFO: Element found
06/18/2019 06:30:05 AM - LoginPage - INFO:  Send data  on element ap_passwordlocator type: id
06/18/2019 06:30:05 AM - LoginPage - INFO: Element found
06/18/2019 06:30:09 AM - LoginPage - INFO:  Clicked  on element signInSubmitlocator type: id
06/18/2019 06:30:09 AM - TestStatus - INFO: ### VERIFICATION SUCCESSFUL :: + Title mismatch!
06/18/2019 06:30:09 AM - LoginPage - INFO: Element found
06/18/2019 06:30:09 AM - LoginPage - INFO: Element found
06/18/2019 06:30:09 AM - TestStatus - INFO: ### VERIFICATION SUCCESSFUL :: + Login was not successful
06/18/2019 06:30:09 AM - TestStatus - INFO: test_validLogin ### TEST SUCCESSFUL
06/19/2019 04:50:01 AM - LoginPage - INFO: Element found
06/19/2019 04:50:03 AM - LoginPage - INFO:  Clicked  on element //span[text()='Hello, Sign in']locator type: xpath
06/19/2019 04:50:03 AM - LoginPage - INFO: Element found
06/19/2019 04:50:03 AM - LoginPage - INFO: Element found
06/19/2019 04:50:03 AM - LoginPage - INFO: Element found
06/19/2019 04:50:04 AM - LoginPage - INFO:  Send data  on element ap_emaillocator type: id
06/19/2019 04:50:04 AM - LoginPage - INFO: Element found
06/19/2019 04:50:05 AM - LoginPage - INFO:  Clicked  on element continuelocator type: id
06/19/2019 04:50:05 AM - LoginPage - INFO: Element found
06/19/2019 04:50:05 AM - LoginPage - INFO:  Send data  on element ap_passwordlocator type: id
06/19/2019 04:50:05 AM - LoginPage - INFO: Element found
06/19/2019 04:50:08 AM - LoginPage - INFO:  Clicked  on element signInSubmitlocator type: id
06/19/2019 04:50:08 AM - TestStatus - INFO: ### VERIFICATION SUCCESSFUL :: + Title mismatch!
06/19/2019 04:50:08 AM - LoginPage - INFO: Element found
06/19/2019 04:50:08 AM - LoginPage - INFO: Element found
06/19/2019 04:50:08 AM - TestStatus - INFO: ### VERIFICATION SUCCESSFUL :: + Login was not successful
06/19/2019 04:50:08 AM - TestStatus - INFO: test_validLogin ### TEST SUCCESSFUL
06/19/2019 05:11:56 AM - LoginPage - INFO: Element found
06/19/2019 05:11:57 AM - LoginPage - INFO:  Clicked  on element //span[text()='Hello, Sign in']locator type: xpath
06/19/2019 05:11:57 AM - LoginPage - INFO: Element found
06/19/2019 05:11:57 AM - LoginPage - INFO: Element found
06/19/2019 05:11:57 AM - LoginPage - INFO: Element found
06/19/2019 05:11:57 AM - LoginPage - INFO:  Send data  on element ap_emaillocator type: id
06/19/2019 05:11:57 AM - LoginPage - INFO: Element found
06/19/2019 05:11:58 AM - LoginPage - INFO:  Clicked  on element continuelocator type: id
06/19/2019 05:11:59 AM - LoginPage - INFO: Element found
06/19/2019 05:11:59 AM - LoginPage - INFO:  Send data  on element ap_passwordlocator type: id
06/19/2019 05:11:59 AM - LoginPage - INFO: Element found
06/19/2019 05:12:01 AM - LoginPage - INFO:  Clicked  on element signInSubmitlocator type: id
06/19/2019 05:12:01 AM - TestStatus - INFO: ### VERIFICATION SUCCESSFUL :: + Title mismatch!
06/19/2019 05:12:01 AM - LoginPage - INFO: Element found
06/19/2019 05:12:01 AM - LoginPage - INFO: Element found
06/19/2019 05:12:01 AM - TestStatus - INFO: ### VERIFICATION SUCCESSFUL :: + Login was not successful
06/19/2019 05:12:01 AM - TestStatus - INFO: test_validLogin ### TEST SUCCESSFUL
06/19/2019 05:14:21 AM - LoginPage - INFO: Element found
06/19/2019 05:14:22 AM - LoginPage - INFO:  Clicked  on element //span[text()='Hello, Sign in']locator type: xpath
06/19/2019 05:14:22 AM - LoginPage - INFO: Element found
06/19/2019 05:14:22 AM - LoginPage - INFO: Element found
06/19/2019 05:14:22 AM - LoginPage - INFO: Element found
06/19/2019 05:14:22 AM - LoginPage - INFO:  Send data  on element ap_emaillocator type: id
06/19/2019 05:14:22 AM - LoginPage - INFO: Element found
06/19/2019 05:14:23 AM - LoginPage - INFO:  Clicked  on element continuelocator type: id
06/19/2019 05:14:24 AM - LoginPage - INFO: Element found
06/19/2019 05:14:24 AM - LoginPage - INFO:  Send data  on element ap_passwordlocator type: id
06/19/2019 05:14:24 AM - LoginPage - INFO: Element found
06/19/2019 05:14:26 AM - LoginPage - INFO:  Clicked  on element signInSubmitlocator type: id
06/19/2019 05:14:26 AM - TestStatus - ERROR: ### VERIFICATION FAILED :: + Title mismatch!
06/19/2019 05:14:28 AM - TestStatus - INFO: Screenshot save to directory: /Users/aravindanathdm/Documents/Simple_Pom_py_fw/base/../screenshots/Title mismatch!.1560901466962.png
06/19/2019 05:14:28 AM - LoginPage - INFO: Element found
06/19/2019 05:14:28 AM - LoginPage - INFO: Element found
06/19/2019 05:14:28 AM - TestStatus - INFO: ### VERIFICATION SUCCESSFUL :: + Login was not successful
06/19/2019 05:14:28 AM - TestStatus - ERROR: test_validLogin ### TEST FAILED
06/19/2019 05:15:15 AM - LoginPage - INFO: Element found
06/19/2019 05:15:16 AM - LoginPage - INFO:  Clicked  on element //span[text()='Hello, Sign in']locator type: xpath
06/19/2019 05:15:16 AM - LoginPage - INFO: Element found
06/19/2019 05:15:16 AM - LoginPage - INFO: Element found
06/19/2019 05:15:16 AM - LoginPage - INFO: Element found
06/19/2019 05:15:16 AM - LoginPage - INFO:  Send data  on element ap_emaillocator type: id
06/19/2019 05:15:16 AM - LoginPage - INFO: Element found
06/19/2019 05:15:18 AM - LoginPage - INFO:  Clicked  on element continuelocator type: id
06/19/2019 05:15:18 AM - LoginPage - INFO: Element found
06/19/2019 05:15:18 AM - LoginPage - INFO:  Send data  on element ap_passwordlocator type: id
06/19/2019 05:15:18 AM - LoginPage - INFO: Element found
06/19/2019 05:15:21 AM - LoginPage - INFO:  Clicked  on element signInSubmitlocator type: id
06/19/2019 05:15:21 AM - TestStatus - INFO: ### VERIFICATION SUCCESSFUL :: + Title mismatch!
06/19/2019 05:15:21 AM - LoginPage - INFO: Element found
06/19/2019 05:15:21 AM - LoginPage - INFO: Element found
06/19/2019 05:15:21 AM - TestStatus - INFO: ### VERIFICATION SUCCESSFUL :: + Login was not successful
06/19/2019 05:15:21 AM - TestStatus - INFO: test_validLogin ### TEST SUCCESSFUL
06/19/2019 05:32:39 AM - LoginPage - INFO: Element found
06/19/2019 05:32:39 AM - LoginPage - INFO:  Clicked  on element //span[text()='Hello, Sign in']locator type: xpath
06/19/2019 05:32:39 AM - LoginPage - INFO: Element found
06/19/2019 05:32:39 AM - LoginPage - INFO: Element found
06/19/2019 05:32:40 AM - LoginPage - INFO: Element found
06/19/2019 05:32:40 AM - LoginPage - INFO:  Send data  on element ap_emaillocator type: id
06/19/2019 05:32:40 AM - LoginPage - INFO: Element found
06/19/2019 05:32:41 AM - LoginPage - INFO:  Clicked  on element continuelocator type: id
06/19/2019 05:32:41 AM - LoginPage - INFO: Element found
06/19/2019 05:32:41 AM - LoginPage - INFO:  Send data  on element ap_passwordlocator type: id
06/19/2019 05:32:41 AM - LoginPage - INFO: Element found
06/19/2019 05:32:44 AM - LoginPage - INFO:  Clicked  on element signInSubmitlocator type: id
06/19/2019 05:32:44 AM - TestStatus - INFO: ### VERIFICATION SUCCESSFUL :: + Title mismatch!
06/19/2019 05:32:44 AM - LoginPage - INFO: Element found
06/19/2019 05:32:44 AM - LoginPage - INFO: Element found
06/19/2019 05:32:44 AM - TestStatus - INFO: ### VERIFICATION SUCCESSFUL :: + Login was not successful
06/19/2019 05:32:44 AM - TestStatus - INFO: test_validLogin ### TEST SUCCESSFUL
06/19/2019 05:36:20 AM - Util - INFO: Actual Text From Application Web UI --> :: Online Shopping site in India: Shop Online for Mobiles, Books, Watches, Shoes and More - Amazon.in
06/19/2019 05:36:20 AM - Util - INFO: Expected Text From Application Web UI --> :: Online Shopping site in India: Shop Online for Mobiles, Books, Watches, Shoes and More - Amazon.in
06/19/2019 05:36:20 AM - Util - INFO: ### VERIFICATION CONTAINS !!!
06/19/2019 05:36:22 AM - LoginPage - INFO: Element found
06/19/2019 05:36:23 AM - LoginPage - INFO:  Clicked  on element //span[text()='Hello, Sign in']locator type: xpath
06/19/2019 05:36:23 AM - LoginPage - INFO: Element found
06/19/2019 05:36:23 AM - LoginPage - INFO: Element found
06/19/2019 05:36:23 AM - LoginPage - INFO: Element found
06/19/2019 05:36:23 AM - LoginPage - INFO:  Send data  on element ap_emaillocator type: id
06/19/2019 05:36:23 AM - LoginPage - INFO: Element found
06/19/2019 05:36:24 AM - LoginPage - INFO:  Clicked  on element continuelocator type: id
06/19/2019 05:36:24 AM - LoginPage - INFO: Element found
06/19/2019 05:36:24 AM - LoginPage - INFO:  Send data  on element ap_passwordlocator type: id
06/19/2019 05:36:24 AM - LoginPage - INFO: Element found
06/19/2019 05:36:27 AM - LoginPage - INFO:  Clicked  on element signInSubmitlocator type: id
06/19/2019 05:36:27 AM - TestStatus - INFO: ### VERIFICATION SUCCESSFUL :: + Title mismatch!
06/19/2019 05:36:27 AM - LoginPage - INFO: Element found
06/19/2019 05:36:27 AM - LoginPage - INFO: Element found
06/19/2019 05:36:27 AM - TestStatus - INFO: ### VERIFICATION SUCCESSFUL :: + Login was not successful
06/19/2019 05:36:27 AM - TestStatus - INFO: test_validLogin ### TEST SUCCESSFUL
06/19/2019 05:38:04 AM - Util - INFO: Actual Text From Application Web UI --> :: Online Shopping site in India: Shop Online for Mobiles, Books, Watches, Shoes and More - Amazon.in
06/19/2019 05:38:04 AM - Util - INFO: Expected Text From Application Web UI --> :: Online Shopping site in India: Shop Online for Mobiles, Books, Watches, Shoes and More - Amazon.in
06/19/2019 05:38:04 AM - Util - INFO: ### VERIFICATION CONTAINS !!!
06/19/2019 05:38:06 AM - LoginPage - INFO: Element found
06/19/2019 05:38:07 AM - LoginPage - INFO:  Clicked  on element //span[text()='Hello, Sign in']locator type: xpath
06/19/2019 05:38:07 AM - LoginPage - INFO: Element found
06/19/2019 05:38:07 AM - LoginPage - INFO: Element found
06/19/2019 05:38:07 AM - LoginPage - INFO: Element found
06/19/2019 05:38:07 AM - LoginPage - INFO:  Send data  on element ap_emaillocator type: id
06/19/2019 05:38:07 AM - LoginPage - INFO: Element found
06/19/2019 05:38:09 AM - LoginPage - INFO:  Clicked  on element continuelocator type: id
06/19/2019 05:38:09 AM - LoginPage - INFO: Element found
06/19/2019 05:38:09 AM - LoginPage - INFO:  Send data  on element ap_passwordlocator type: id
06/19/2019 05:38:09 AM - LoginPage - INFO: Element found
06/19/2019 05:38:13 AM - LoginPage - INFO:  Clicked  on element signInSubmitlocator type: id
06/19/2019 05:38:13 AM - TestStatus - INFO: ### VERIFICATION SUCCESSFUL :: + Title mismatch!
06/19/2019 05:38:14 AM - LoginPage - INFO: Element found
06/19/2019 05:38:14 AM - LoginPage - INFO: Element found
06/19/2019 05:38:14 AM - TestStatus - INFO: ### VERIFICATION SUCCESSFUL :: + Login was not successful
06/19/2019 05:38:14 AM - TestStatus - INFO: test_validLogin ### TEST SUCCESSFUL
06/19/2019 11:12:29 PM - Util - INFO: Actual Text From Application Web UI --> :: Online Shopping site in India: Shop Online for Mobiles, Books, Watches, Shoes and More - Amazon.in
06/19/2019 11:12:29 PM - Util - INFO: Expected Text From Application Web UI --> :: Online Shopping site in India: Shop Online for Mobiles, Books, Watches, Shoes and More - Amazon.in
06/19/2019 11:12:29 PM - Util - INFO: ### VERIFICATION CONTAINS !!!
06/19/2019 11:12:31 PM - LoginPage - INFO: Element found
06/19/2019 11:12:31 PM - LoginPage - INFO: Clicked on element with locator: //span[text()='Hello, Sign in'] locatorType: xpath
06/19/2019 11:12:31 PM - LoginPage - INFO: Element found
06/19/2019 11:12:31 PM - LoginPage - INFO: Element present with locator: (//i[starts-with(@class,'a-icon')])[1] locatorType: xpath
06/19/2019 11:12:31 PM - LoginPage - INFO: Element found
06/19/2019 11:12:32 PM - LoginPage - INFO: Sent data on element with locator: ap_email locatorType: id
06/19/2019 11:12:32 PM - LoginPage - INFO: Element found
06/19/2019 11:12:33 PM - LoginPage - INFO: Clicked on element with locator: continue locatorType: id
06/19/2019 11:12:33 PM - LoginPage - INFO: Element found
06/19/2019 11:12:33 PM - LoginPage - INFO: Sent data on element with locator: ap_password locatorType: id
06/19/2019 11:12:33 PM - LoginPage - INFO: Element found
06/19/2019 11:12:36 PM - LoginPage - INFO: Clicked on element with locator: signInSubmit locatorType: id
06/19/2019 11:12:36 PM - TestStatus - INFO: ### VERIFICATION SUCCESSFUL :: + Title mismatch!
06/19/2019 11:12:36 PM - LoginPage - INFO: Element found
06/19/2019 11:12:36 PM - LoginPage - INFO: Element present with locator: twotabsearchtextbox locatorType: id
06/19/2019 11:12:36 PM - TestStatus - INFO: ### VERIFICATION SUCCESSFUL :: + Login was not successful
06/19/2019 11:12:36 PM - TestStatus - INFO: test_validLogin ### TEST SUCCESSFUL
06/19/2019 11:14:09 PM - HomePage - INFO: Element found
06/19/2019 11:14:09 PM - HomePage - INFO:  Send data  on element twotabsearchtextboxlocator type: id
06/19/2019 11:14:58 PM - HomePage - INFO: Element found
06/19/2019 11:14:58 PM - HomePage - INFO:  Send data  on element twotabsearchtextboxlocator type: id
06/19/2019 11:15:26 PM - HomePage - INFO: Element found
06/19/2019 11:15:27 PM - HomePage - INFO:  Send data  on element twotabsearchtextboxlocator type: id
06/19/2019 11:15:54 PM - Util - INFO: Actual Text From Application Web UI --> :: Online Shopping site in India: Shop Online for Mobiles, Books, Watches, Shoes and More - Amazon.in
06/19/2019 11:15:54 PM - Util - INFO: Expected Text From Application Web UI --> :: Online Shopping site in India: Shop Online for Mobiles, Books, Watches, Shoes and More - Amazon.in
06/19/2019 11:15:54 PM - Util - INFO: ### VERIFICATION CONTAINS !!!
06/19/2019 11:15:56 PM - LoginPage - INFO: Element found
06/19/2019 11:15:59 PM - LoginPage - INFO: Clicked on element with locator: //span[text()='Hello, Sign in'] locatorType: xpath
06/19/2019 11:15:59 PM - LoginPage - INFO: Element found
06/19/2019 11:15:59 PM - LoginPage - INFO: Element present with locator: (//i[starts-with(@class,'a-icon')])[1] locatorType: xpath
06/19/2019 11:15:59 PM - LoginPage - INFO: Element found
06/19/2019 11:15:59 PM - LoginPage - INFO: Sent data on element with locator: ap_email locatorType: id
06/19/2019 11:15:59 PM - LoginPage - INFO: Element found
06/19/2019 11:16:00 PM - LoginPage - INFO: Clicked on element with locator: continue locatorType: id
06/19/2019 11:16:01 PM - LoginPage - INFO: Element found
06/19/2019 11:16:01 PM - LoginPage - INFO: Sent data on element with locator: ap_password locatorType: id
06/19/2019 11:16:01 PM - LoginPage - INFO: Element found
06/19/2019 11:16:04 PM - LoginPage - INFO: Clicked on element with locator: signInSubmit locatorType: id
06/19/2019 11:16:04 PM - TestStatus - INFO: ### VERIFICATION SUCCESSFUL :: + Title mismatch!
06/19/2019 11:16:04 PM - LoginPage - INFO: Element found
06/19/2019 11:16:04 PM - LoginPage - INFO: Element present with locator: twotabsearchtextbox locatorType: id
06/19/2019 11:16:04 PM - TestStatus - INFO: ### VERIFICATION SUCCESSFUL :: + Login was not successful
06/19/2019 11:16:04 PM - TestStatus - INFO: test_validLogin ### TEST SUCCESSFUL
06/19/2019 11:16:04 PM - HomePage - INFO: Element found
06/19/2019 11:16:04 PM - HomePage - INFO:  Send data  on element twotabsearchtextboxlocator type: id
06/19/2019 11:27:32 PM - Util - INFO: Actual Text From Application Web UI --> :: Online Shopping site in India: Shop Online for Mobiles, Books, Watches, Shoes and More - Amazon.in
06/19/2019 11:27:32 PM - Util - INFO: Expected Text From Application Web UI --> :: Online Shopping site in India: Shop Online for Mobiles, Books, Watches, Shoes and More - Amazon.in
06/19/2019 11:27:32 PM - Util - INFO: ### VERIFICATION CONTAINS !!!
06/19/2019 11:27:34 PM - LoginPage - INFO: Element found
06/19/2019 11:27:35 PM - LoginPage - INFO: Clicked on element with locator: //span[text()='Hello, Sign in'] locatorType: xpath
06/19/2019 11:27:35 PM - LoginPage - INFO: Element found
06/19/2019 11:27:35 PM - LoginPage - INFO: Element present with locator: (//i[starts-with(@class,'a-icon')])[1] locatorType: xpath
06/19/2019 11:27:35 PM - LoginPage - INFO: Element found
06/19/2019 11:27:35 PM - LoginPage - INFO: Sent data on element with locator: ap_email locatorType: id
06/19/2019 11:27:35 PM - LoginPage - INFO: Element found
06/19/2019 11:27:36 PM - LoginPage - INFO: Clicked on element with locator: continue locatorType: id
06/19/2019 11:27:36 PM - LoginPage - INFO: Element found
06/19/2019 11:27:36 PM - LoginPage - INFO: Sent data on element with locator: ap_password locatorType: id
06/19/2019 11:27:36 PM - LoginPage - INFO: Element found
06/19/2019 11:27:39 PM - LoginPage - INFO: Clicked on element with locator: signInSubmit locatorType: id
06/19/2019 11:27:39 PM - TestStatus - INFO: ### VERIFICATION SUCCESSFUL :: + Title mismatch!
06/19/2019 11:27:39 PM - LoginPage - INFO: Element found
06/19/2019 11:27:39 PM - LoginPage - INFO: Element present with locator: twotabsearchtextbox locatorType: id
06/19/2019 11:27:39 PM - TestStatus - INFO: ### VERIFICATION SUCCESSFUL :: + Login was not successful
06/19/2019 11:27:39 PM - TestStatus - INFO: test_validLogin ### TEST SUCCESSFUL
06/19/2019 11:27:40 PM - HomePage - INFO: Element found
06/19/2019 11:27:40 PM - HomePage - INFO:  Send data  on element twotabsearchtextboxlocator type: id
06/19/2019 11:57:25 PM - Util - INFO: Actual Text From Application Web UI --> :: Online Shopping site in India: Shop Online for Mobiles, Books, Watches, Shoes and More - Amazon.in
06/19/2019 11:57:25 PM - Util - INFO: Expected Text From Application Web UI --> :: Online Shopping site in India: Shop Online for Mobiles, Books, Watches, Shoes and More - Amazon.in
06/19/2019 11:57:25 PM - Util - INFO: ### VERIFICATION CONTAINS !!!
06/19/2019 11:57:27 PM - LoginPage - INFO: Element found
06/19/2019 11:57:28 PM - LoginPage - INFO: Clicked on element with locator: //span[text()='Hello, Sign in'] locatorType: xpath
06/19/2019 11:57:28 PM - LoginPage - INFO: Element found
06/19/2019 11:57:28 PM - LoginPage - INFO: Element present with locator: (//i[starts-with(@class,'a-icon')])[1] locatorType: xpath
06/19/2019 11:57:28 PM - LoginPage - INFO: Element found
06/19/2019 11:57:28 PM - LoginPage - INFO: Sent data on element with locator: ap_email locatorType: id
06/19/2019 11:57:28 PM - LoginPage - INFO: Element found
06/19/2019 11:57:29 PM - LoginPage - INFO: Clicked on element with locator: continue locatorType: id
06/19/2019 11:57:29 PM - LoginPage - INFO: Element found
06/19/2019 11:57:29 PM - LoginPage - INFO: Sent data on element with locator: ap_password locatorType: id
06/19/2019 11:57:29 PM - LoginPage - INFO: Element found
06/19/2019 11:57:32 PM - LoginPage - INFO: Clicked on element with locator: signInSubmit locatorType: id
06/19/2019 11:57:32 PM - TestStatus - INFO: ### VERIFICATION SUCCESSFUL :: + Title mismatch!
06/19/2019 11:57:32 PM - LoginPage - INFO: Element found
06/19/2019 11:57:32 PM - LoginPage - INFO: Element present with locator: twotabsearchtextbox locatorType: id
06/19/2019 11:57:32 PM - TestStatus - INFO: ### VERIFICATION SUCCESSFUL :: + Login was not successful
06/19/2019 11:57:32 PM - TestStatus - INFO: test_validLogin ### TEST SUCCESSFUL
06/19/2019 11:57:32 PM - HomePage - INFO: Element found
06/19/2019 11:57:32 PM - HomePage - INFO:  Send data  on element twotabsearchtextboxlocator type: id
06/20/2019 05:47:36 AM - Util - INFO: Actual Text From Application Web UI --> :: Online Shopping site in India: Shop Online for Mobiles, Books, Watches, Shoes and More - Amazon.in
06/20/2019 05:47:36 AM - Util - INFO: Expected Text From Application Web UI --> :: Online Shopping site in India: Shop Online for Mobiles, Books, Watches, Shoes and More - Amazon.in
06/20/2019 05:47:36 AM - Util - INFO: ### VERIFICATION CONTAINS !!!
06/20/2019 05:47:38 AM - LoginPage - INFO: Element found
06/20/2019 05:47:39 AM - LoginPage - INFO: Clicked on element with locator: //span[text()='Hello, Sign in'] locatorType: xpath
06/20/2019 05:47:39 AM - LoginPage - INFO: Element found
06/20/2019 05:47:39 AM - LoginPage - INFO: Element present with locator: (//i[starts-with(@class,'a-icon')])[1] locatorType: xpath
06/20/2019 05:47:39 AM - LoginPage - INFO: Element found
06/20/2019 05:47:39 AM - LoginPage - INFO: Sent data on element with locator: ap_email locatorType: id
06/20/2019 05:47:39 AM - LoginPage - INFO: Element found
06/20/2019 05:47:41 AM - LoginPage - INFO: Clicked on element with locator: continue locatorType: id
06/20/2019 05:47:41 AM - LoginPage - INFO: Element found
06/20/2019 05:47:41 AM - LoginPage - INFO: Sent data on element with locator: ap_password locatorType: id
06/20/2019 05:47:41 AM - LoginPage - INFO: Element found
06/20/2019 05:47:43 AM - LoginPage - INFO: Clicked on element with locator: signInSubmit locatorType: id
06/20/2019 05:47:43 AM - TestStatus - ERROR: ### VERIFICATION FAILED :: + Title mismatch!
06/20/2019 05:47:43 AM - TestStatus - INFO: Screenshot save to directory: /Users/aravindanathdm/Documents/Simple_Pom_py_fw/base/../screenshots/Title mismatch!.1560989863202.png
06/20/2019 05:47:46 AM - LoginPage - ERROR: Element not found
Traceback (most recent call last):
  File "/Users/aravindanathdm/Documents/Simple_Pom_py_fw/base/selenium_driver.py", line 90, in getElement
    element = self.driver.find_element(byType,locator)
  File "/Library/Frameworks/Python.framework/Versions/3.7/lib/python3.7/site-packages/selenium/webdriver/remote/webdriver.py", line 978, in find_element
    'value': value})['value']
  File "/Library/Frameworks/Python.framework/Versions/3.7/lib/python3.7/site-packages/selenium/webdriver/remote/webdriver.py", line 321, in execute
    self.error_handler.check_response(response)
  File "/Library/Frameworks/Python.framework/Versions/3.7/lib/python3.7/site-packages/selenium/webdriver/remote/errorhandler.py", line 242, in check_response
    raise exception_class(message, screen, stacktrace)
selenium.common.exceptions.NoSuchElementException: Message: no such element: Unable to locate element: {"method":"css selector","selector":"[id="twotabsearchtextbox"]"}
  (Session info: chrome=75.0.3770.100)

06/20/2019 05:47:46 AM - LoginPage - INFO: Element not present with locator: twotabsearchtextbox locatorType: id
06/20/2019 05:47:46 AM - TestStatus - ERROR: ### VERIFICATION FAILED :: + Login was not successful
06/20/2019 05:47:47 AM - TestStatus - INFO: Screenshot save to directory: /Users/aravindanathdm/Documents/Simple_Pom_py_fw/base/../screenshots/Login was not successful.1560989866677.png
06/20/2019 05:47:47 AM - TestStatus - ERROR: test_validLogin ### TEST FAILED
06/20/2019 05:47:47 AM - Util - INFO: Actual Text From Application Web UI --> :: Amazon Sign In
06/20/2019 05:47:47 AM - Util - INFO: Expected Text From Application Web UI --> :: Online Shopping site in India: Shop Online for Mobiles, Books, Watches, Shoes and More - Amazon.in
06/20/2019 05:47:47 AM - Util - INFO: ### VERIFICATION DOES NOT CONTAINS !!!
06/20/2019 05:47:52 AM - LoginPage - ERROR: Element not found
Traceback (most recent call last):
  File "/Users/aravindanathdm/Documents/Simple_Pom_py_fw/base/selenium_driver.py", line 90, in getElement
    element = self.driver.find_element(byType,locator)
  File "/Library/Frameworks/Python.framework/Versions/3.7/lib/python3.7/site-packages/selenium/webdriver/remote/webdriver.py", line 978, in find_element
    'value': value})['value']
  File "/Library/Frameworks/Python.framework/Versions/3.7/lib/python3.7/site-packages/selenium/webdriver/remote/webdriver.py", line 321, in execute
    self.error_handler.check_response(response)
  File "/Library/Frameworks/Python.framework/Versions/3.7/lib/python3.7/site-packages/selenium/webdriver/remote/errorhandler.py", line 242, in check_response
    raise exception_class(message, screen, stacktrace)
selenium.common.exceptions.NoSuchElementException: Message: no such element: Unable to locate element: {"method":"xpath","selector":"//span[text()='Hello, Sign in']"}
  (Session info: chrome=75.0.3770.100)

06/20/2019 05:47:52 AM - LoginPage - INFO: Cannot click on the element with locator: //span[text()='Hello, Sign in'] locatorType: xpath
06/20/2019 05:47:52 AM - LoginPage - INFO: Element found
06/20/2019 05:47:52 AM - LoginPage - INFO: Element present with locator: (//i[starts-with(@class,'a-icon')])[1] locatorType: xpath
06/20/2019 05:47:52 AM - LoginPage - INFO: Element found
06/20/2019 05:47:55 AM - LoginPage - INFO: Cannot send data on the element with locator: ap_email locatorType: id
06/20/2019 05:47:55 AM - LoginPage - INFO: Element found
06/20/2019 05:48:02 AM - LoginPage - INFO: Clicked on element with locator: continue locatorType: id
06/20/2019 05:48:06 AM - LoginPage - ERROR: Element not found
Traceback (most recent call last):
  File "/Users/aravindanathdm/Documents/Simple_Pom_py_fw/base/selenium_driver.py", line 90, in getElement
    element = self.driver.find_element(byType,locator)
  File "/Library/Frameworks/Python.framework/Versions/3.7/lib/python3.7/site-packages/selenium/webdriver/remote/webdriver.py", line 978, in find_element
    'value': value})['value']
  File "/Library/Frameworks/Python.framework/Versions/3.7/lib/python3.7/site-packages/selenium/webdriver/remote/webdriver.py", line 321, in execute
    self.error_handler.check_response(response)
  File "/Library/Frameworks/Python.framework/Versions/3.7/lib/python3.7/site-packages/selenium/webdriver/remote/errorhandler.py", line 242, in check_response
    raise exception_class(message, screen, stacktrace)
selenium.common.exceptions.NoSuchElementException: Message: no such element: Unable to locate element: {"method":"css selector","selector":"[id="ap_password"]"}
  (Session info: chrome=75.0.3770.100)

06/20/2019 05:48:06 AM - LoginPage - INFO: Cannot send data on the element with locator: ap_password locatorType: id
06/20/2019 05:48:09 AM - LoginPage - ERROR: Element not found
Traceback (most recent call last):
  File "/Users/aravindanathdm/Documents/Simple_Pom_py_fw/base/selenium_driver.py", line 90, in getElement
    element = self.driver.find_element(byType,locator)
  File "/Library/Frameworks/Python.framework/Versions/3.7/lib/python3.7/site-packages/selenium/webdriver/remote/webdriver.py", line 978, in find_element
    'value': value})['value']
  File "/Library/Frameworks/Python.framework/Versions/3.7/lib/python3.7/site-packages/selenium/webdriver/remote/webdriver.py", line 321, in execute
    self.error_handler.check_response(response)
  File "/Library/Frameworks/Python.framework/Versions/3.7/lib/python3.7/site-packages/selenium/webdriver/remote/errorhandler.py", line 242, in check_response
    raise exception_class(message, screen, stacktrace)
selenium.common.exceptions.NoSuchElementException: Message: no such element: Unable to locate element: {"method":"css selector","selector":"[id="signInSubmit"]"}
  (Session info: chrome=75.0.3770.100)

06/20/2019 05:48:09 AM - LoginPage - INFO: Cannot click on the element with locator: signInSubmit locatorType: id
06/20/2019 05:48:09 AM - TestStatus - ERROR: ### VERIFICATION FAILED :: + Title mismatch!
06/20/2019 05:48:09 AM - TestStatus - INFO: Screenshot save to directory: /Users/aravindanathdm/Documents/Simple_Pom_py_fw/base/../screenshots/Title mismatch!.1560989889209.png
06/20/2019 05:48:09 AM - LoginPage - INFO: Element found
06/20/2019 05:48:09 AM - LoginPage - INFO: Element not present with locator: twotabsearchtextbox locatorType: id
06/20/2019 05:48:09 AM - TestStatus - ERROR: ### VERIFICATION FAILED :: + Login was not successful
06/20/2019 05:48:09 AM - TestStatus - ERROR: ### Exception Occurred when taking screenshot
06/20/2019 05:48:09 AM - TestStatus - ERROR: test_validLogin ### TEST FAILED
06/20/2019 05:48:15 AM - Util - INFO: Actual Text From Application Web UI --> :: Online Shopping site in India: Shop Online for Mobiles, Books, Watches, Shoes and More - Amazon.in
06/20/2019 05:48:15 AM - Util - INFO: Expected Text From Application Web UI --> :: Online Shopping site in India: Shop Online for Mobiles, Books, Watches, Shoes and More - Amazon.in
06/20/2019 05:48:15 AM - Util - INFO: ### VERIFICATION CONTAINS !!!
06/20/2019 05:48:17 AM - LoginPage - INFO: Element found
06/20/2019 05:48:18 AM - LoginPage - INFO: Clicked on element with locator: //span[text()='Hello, Sign in'] locatorType: xpath
06/20/2019 05:48:18 AM - LoginPage - INFO: Element found
06/20/2019 05:48:18 AM - LoginPage - INFO: Element present with locator: (//i[starts-with(@class,'a-icon')])[1] locatorType: xpath
06/20/2019 05:48:18 AM - LoginPage - INFO: Element found
06/20/2019 05:48:18 AM - LoginPage - INFO: Sent data on element with locator: ap_email locatorType: id
06/20/2019 05:48:18 AM - LoginPage - INFO: Element found
06/20/2019 05:48:19 AM - LoginPage - INFO: Clicked on element with locator: continue locatorType: id
06/20/2019 05:48:20 AM - LoginPage - INFO: Element found
06/20/2019 05:48:20 AM - LoginPage - INFO: Sent data on element with locator: ap_password locatorType: id
06/20/2019 05:48:20 AM - LoginPage - INFO: Element found
06/20/2019 05:48:24 AM - LoginPage - INFO: Clicked on element with locator: signInSubmit locatorType: id
06/20/2019 05:48:24 AM - TestStatus - INFO: ### VERIFICATION SUCCESSFUL :: + Title mismatch!
06/20/2019 05:48:24 AM - LoginPage - INFO: Element found
06/20/2019 05:48:24 AM - LoginPage - INFO: Element present with locator: twotabsearchtextbox locatorType: id
06/20/2019 05:48:24 AM - TestStatus - INFO: ### VERIFICATION SUCCESSFUL :: + Login was not successful
06/20/2019 05:48:24 AM - TestStatus - INFO: test_validLogin ### TEST SUCCESSFUL
06/20/2019 05:48:24 AM - HomePage - INFO: Element found
06/20/2019 05:48:26 AM - HomePage - INFO:  Send data  on element twotabsearchtextboxlocator type: id
