06/19/2019 11:31:28 PM - Util - INFO: Actual Text From Application Web UI --> :: Online Shopping site in India: Shop Online for Mobiles, Books, Watches, Shoes and More - Amazon.in
06/19/2019 11:31:28 PM - Util - INFO: Expected Text From Application Web UI --> :: Online Shopping site in India: Shop Online for Mobiles, Books, Watches, Shoes and More - Amazon.in
06/19/2019 11:31:28 PM - Util - INFO: ### VERIFICATION CONTAINS !!!
06/19/2019 11:31:30 PM - LoginPage - INFO: Element found
06/19/2019 11:31:31 PM - LoginPage - INFO: Clicked on element with locator: //span[text()='Hello, Sign in'] locatorType: xpath
06/19/2019 11:31:31 PM - LoginPage - INFO: Element found
06/19/2019 11:31:31 PM - LoginPage - INFO: Element present with locator: (//i[starts-with(@class,'a-icon')])[1] locatorType: xpath
06/19/2019 11:31:31 PM - LoginPage - INFO: Element found
06/19/2019 11:31:31 PM - LoginPage - INFO: Sent data on element with locator: ap_email locatorType: id
06/19/2019 11:31:31 PM - LoginPage - INFO: Element found
06/19/2019 11:31:32 PM - LoginPage - INFO: Clicked on element with locator: continue locatorType: id
06/19/2019 11:31:32 PM - LoginPage - INFO: Element found
06/19/2019 11:31:32 PM - LoginPage - INFO: Sent data on element with locator: ap_password locatorType: id
06/19/2019 11:31:32 PM - LoginPage - INFO: Element found
06/19/2019 11:31:35 PM - LoginPage - INFO: Clicked on element with locator: signInSubmit locatorType: id
06/19/2019 11:31:35 PM - TestStatus - INFO: ### VERIFICATION SUCCESSFUL :: + Title mismatch!
06/19/2019 11:31:35 PM - LoginPage - INFO: Element found
06/19/2019 11:31:35 PM - LoginPage - INFO: Element present with locator: twotabsearchtextbox locatorType: id
06/19/2019 11:31:35 PM - TestStatus - INFO: ### VERIFICATION SUCCESSFUL :: + Login was not successful
06/19/2019 11:31:35 PM - TestStatus - INFO: test_validLogin ### TEST SUCCESSFUL
06/19/2019 11:31:35 PM - HomePage - INFO: Element found
06/19/2019 11:31:35 PM - HomePage - INFO:  Send data  on element twotabsearchtextboxlocator type: id
06/19/2019 11:36:23 PM - Util - INFO: Actual Text From Application Web UI --> :: Online Shopping site in India: Shop Online for Mobiles, Books, Watches, Shoes and More - Amazon.in
06/19/2019 11:36:23 PM - Util - INFO: Expected Text From Application Web UI --> :: Online Shopping site in India: Shop Online for Mobiles, Books, Watches, Shoes and More - Amazon.in
06/19/2019 11:36:23 PM - Util - INFO: ### VERIFICATION CONTAINS !!!
06/19/2019 11:36:25 PM - LoginPage - INFO: Element found
06/19/2019 11:36:26 PM - LoginPage - INFO: Clicked on element with locator: //span[text()='Hello, Sign in'] locatorType: xpath
06/19/2019 11:36:26 PM - LoginPage - INFO: Element found
06/19/2019 11:36:26 PM - LoginPage - INFO: Element present with locator: (//i[starts-with(@class,'a-icon')])[1] locatorType: xpath
06/19/2019 11:36:26 PM - LoginPage - INFO: Element found
06/19/2019 11:36:26 PM - LoginPage - INFO: Sent data on element with locator: ap_email locatorType: id
06/19/2019 11:36:26 PM - LoginPage - INFO: Element found
06/19/2019 11:36:27 PM - LoginPage - INFO: Clicked on element with locator: continue locatorType: id
06/19/2019 11:36:28 PM - LoginPage - INFO: Element found
06/19/2019 11:36:28 PM - LoginPage - INFO: Sent data on element with locator: ap_password locatorType: id
06/19/2019 11:36:28 PM - LoginPage - INFO: Element found
06/19/2019 11:36:30 PM - LoginPage - INFO: Clicked on element with locator: signInSubmit locatorType: id
06/19/2019 11:36:30 PM - TestStatus - INFO: ### VERIFICATION SUCCESSFUL :: + Title mismatch!
06/19/2019 11:36:30 PM - LoginPage - INFO: Element found
06/19/2019 11:36:30 PM - LoginPage - INFO: Element present with locator: twotabsearchtextbox locatorType: id
06/19/2019 11:36:30 PM - TestStatus - INFO: ### VERIFICATION SUCCESSFUL :: + Login was not successful
06/19/2019 11:36:30 PM - TestStatus - INFO: test_validLogin ### TEST SUCCESSFUL
06/19/2019 11:36:30 PM - HomePage - INFO: Element found
06/19/2019 11:36:31 PM - HomePage - INFO:  Send data  on element twotabsearchtextboxlocator type: id
06/19/2019 11:36:31 PM - Util - INFO: Actual Text From Application Web UI --> :: Online Shopping site in India: Shop Online for Mobiles, Books, Watches, Shoes and More - Amazon.in
06/19/2019 11:36:31 PM - Util - INFO: Expected Text From Application Web UI --> :: Online Shopping site in India: Shop Online for Mobiles, Books, Watches, Shoes and More - Amazon.in
06/19/2019 11:36:31 PM - Util - INFO: ### VERIFICATION CONTAINS !!!
06/19/2019 11:36:36 PM - LoginPage - ERROR: Element not found
Traceback (most recent call last):
  File "/Users/aravindanathdm/Documents/Simple_Pom_py_fw/base/selenium_driver.py", line 90, in getElement
    element = self.driver.find_element(byType,locator)
  File "/Library/Frameworks/Python.framework/Versions/3.7/lib/python3.7/site-packages/selenium/webdriver/remote/webdriver.py", line 978, in find_element
    'value': value})['value']
  File "/Library/Frameworks/Python.framework/Versions/3.7/lib/python3.7/site-packages/selenium/webdriver/remote/webdriver.py", line 321, in execute
    self.error_handler.check_response(response)
  File "/Library/Frameworks/Python.framework/Versions/3.7/lib/python3.7/site-packages/selenium/webdriver/remote/errorhandler.py", line 242, in check_response
    raise exception_class(message, screen, stacktrace)
selenium.common.exceptions.NoSuchElementException: Message: Unable to locate element: //span[text()='Hello, Sign in']

06/19/2019 11:36:36 PM - LoginPage - INFO: Cannot click on the element with locator: //span[text()='Hello, Sign in'] locatorType: xpath
06/19/2019 11:36:36 PM - LoginPage - INFO: Element found
06/19/2019 11:36:36 PM - LoginPage - INFO: Element present with locator: (//i[starts-with(@class,'a-icon')])[1] locatorType: xpath
06/19/2019 11:36:39 PM - LoginPage - ERROR: Element not found
Traceback (most recent call last):
  File "/Users/aravindanathdm/Documents/Simple_Pom_py_fw/base/selenium_driver.py", line 90, in getElement
    element = self.driver.find_element(byType,locator)
  File "/Library/Frameworks/Python.framework/Versions/3.7/lib/python3.7/site-packages/selenium/webdriver/remote/webdriver.py", line 978, in find_element
    'value': value})['value']
  File "/Library/Frameworks/Python.framework/Versions/3.7/lib/python3.7/site-packages/selenium/webdriver/remote/webdriver.py", line 321, in execute
    self.error_handler.check_response(response)
  File "/Library/Frameworks/Python.framework/Versions/3.7/lib/python3.7/site-packages/selenium/webdriver/remote/errorhandler.py", line 242, in check_response
    raise exception_class(message, screen, stacktrace)
selenium.common.exceptions.NoSuchElementException: Message: Unable to locate element: [id="ap_email"]

06/19/2019 11:36:39 PM - LoginPage - INFO: Cannot send data on the element with locator: ap_email locatorType: id
06/19/2019 11:36:42 PM - LoginPage - ERROR: Element not found
Traceback (most recent call last):
  File "/Users/aravindanathdm/Documents/Simple_Pom_py_fw/base/selenium_driver.py", line 90, in getElement
    element = self.driver.find_element(byType,locator)
  File "/Library/Frameworks/Python.framework/Versions/3.7/lib/python3.7/site-packages/selenium/webdriver/remote/webdriver.py", line 978, in find_element
    'value': value})['value']
  File "/Library/Frameworks/Python.framework/Versions/3.7/lib/python3.7/site-packages/selenium/webdriver/remote/webdriver.py", line 321, in execute
    self.error_handler.check_response(response)
  File "/Library/Frameworks/Python.framework/Versions/3.7/lib/python3.7/site-packages/selenium/webdriver/remote/errorhandler.py", line 242, in check_response
    raise exception_class(message, screen, stacktrace)
selenium.common.exceptions.NoSuchElementException: Message: Unable to locate element: [id="continue"]

06/19/2019 11:36:42 PM - LoginPage - INFO: Cannot click on the element with locator: continue locatorType: id
06/19/2019 11:36:45 PM - LoginPage - ERROR: Element not found
Traceback (most recent call last):
  File "/Users/aravindanathdm/Documents/Simple_Pom_py_fw/base/selenium_driver.py", line 90, in getElement
    element = self.driver.find_element(byType,locator)
  File "/Library/Frameworks/Python.framework/Versions/3.7/lib/python3.7/site-packages/selenium/webdriver/remote/webdriver.py", line 978, in find_element
    'value': value})['value']
  File "/Library/Frameworks/Python.framework/Versions/3.7/lib/python3.7/site-packages/selenium/webdriver/remote/webdriver.py", line 321, in execute
    self.error_handler.check_response(response)
  File "/Library/Frameworks/Python.framework/Versions/3.7/lib/python3.7/site-packages/selenium/webdriver/remote/errorhandler.py", line 242, in check_response
    raise exception_class(message, screen, stacktrace)
selenium.common.exceptions.NoSuchElementException: Message: Unable to locate element: [id="ap_password"]

06/19/2019 11:36:45 PM - LoginPage - INFO: Cannot send data on the element with locator: ap_password locatorType: id
06/19/2019 11:36:48 PM - LoginPage - ERROR: Element not found
Traceback (most recent call last):
  File "/Users/aravindanathdm/Documents/Simple_Pom_py_fw/base/selenium_driver.py", line 90, in getElement
    element = self.driver.find_element(byType,locator)
  File "/Library/Frameworks/Python.framework/Versions/3.7/lib/python3.7/site-packages/selenium/webdriver/remote/webdriver.py", line 978, in find_element
    'value': value})['value']
  File "/Library/Frameworks/Python.framework/Versions/3.7/lib/python3.7/site-packages/selenium/webdriver/remote/webdriver.py", line 321, in execute
    self.error_handler.check_response(response)
  File "/Library/Frameworks/Python.framework/Versions/3.7/lib/python3.7/site-packages/selenium/webdriver/remote/errorhandler.py", line 242, in check_response
    raise exception_class(message, screen, stacktrace)
selenium.common.exceptions.NoSuchElementException: Message: Unable to locate element: [id="signInSubmit"]

06/19/2019 11:36:48 PM - LoginPage - INFO: Cannot click on the element with locator: signInSubmit locatorType: id
06/19/2019 11:36:48 PM - TestStatus - ERROR: ### VERIFICATION FAILED :: + Title mismatch!
06/19/2019 11:36:48 PM - TestStatus - INFO: Screenshot save to directory: /Users/aravindanathdm/Documents/Simple_Pom_py_fw/base/../screenshots/Title mismatch!.1560967608620.png
06/19/2019 11:36:49 PM - LoginPage - INFO: Element found
06/19/2019 11:36:49 PM - LoginPage - INFO: Element present with locator: twotabsearchtextbox locatorType: id
06/19/2019 11:36:49 PM - TestStatus - INFO: ### VERIFICATION SUCCESSFUL :: + Login was not successful
06/19/2019 11:36:49 PM - TestStatus - ERROR: test_validLogin ### TEST FAILED
06/19/2019 11:38:56 PM - Util - INFO: Actual Text From Application Web UI --> :: Online Shopping site in India: Shop Online for Mobiles, Books, Watches, Shoes and More - Amazon.in
06/19/2019 11:38:56 PM - Util - INFO: Expected Text From Application Web UI --> :: Online Shopping site in India: Shop Online for Mobiles, Books, Watches, Shoes and More - Amazon.in
06/19/2019 11:38:56 PM - Util - INFO: ### VERIFICATION CONTAINS !!!
06/19/2019 11:38:58 PM - LoginPage - INFO: Element found
06/19/2019 11:38:58 PM - LoginPage - INFO: Clicked on element with locator: //span[text()='Hello, Sign in'] locatorType: xpath
06/19/2019 11:38:58 PM - LoginPage - INFO: Element found
06/19/2019 11:38:58 PM - LoginPage - INFO: Element present with locator: (//i[starts-with(@class,'a-icon')])[1] locatorType: xpath
06/19/2019 11:38:58 PM - LoginPage - INFO: Element found
06/19/2019 11:38:58 PM - LoginPage - INFO: Sent data on element with locator: ap_email locatorType: id
06/19/2019 11:38:58 PM - LoginPage - INFO: Element found
06/19/2019 11:38:59 PM - LoginPage - INFO: Clicked on element with locator: continue locatorType: id
06/19/2019 11:39:00 PM - LoginPage - INFO: Element found
06/19/2019 11:39:00 PM - LoginPage - INFO: Sent data on element with locator: ap_password locatorType: id
06/19/2019 11:39:00 PM - LoginPage - INFO: Element found
06/19/2019 11:39:02 PM - LoginPage - INFO: Clicked on element with locator: signInSubmit locatorType: id
06/19/2019 11:39:02 PM - TestStatus - INFO: ### VERIFICATION SUCCESSFUL :: + Title mismatch!
06/19/2019 11:39:02 PM - LoginPage - INFO: Element found
06/19/2019 11:39:02 PM - LoginPage - INFO: Element present with locator: twotabsearchtextbox locatorType: id
06/19/2019 11:39:02 PM - TestStatus - INFO: ### VERIFICATION SUCCESSFUL :: + Login was not successful
06/19/2019 11:39:02 PM - TestStatus - INFO: test_validLogin ### TEST SUCCESSFUL
06/19/2019 11:39:02 PM - HomePage - INFO: Element found
06/19/2019 11:39:02 PM - HomePage - INFO:  Send data  on element twotabsearchtextboxlocator type: id
06/19/2019 11:53:21 PM - Util - INFO: Actual Text From Application Web UI --> :: Online Shopping site in India: Shop Online for Mobiles, Books, Watches, Shoes and More - Amazon.in
06/19/2019 11:53:21 PM - Util - INFO: Expected Text From Application Web UI --> :: Online Shopping site in India: Shop Online for Mobiles, Books, Watches, Shoes and More - Amazon.in
06/19/2019 11:53:21 PM - Util - INFO: ### VERIFICATION CONTAINS !!!
06/19/2019 11:53:23 PM - LoginPage - INFO: Element found
06/19/2019 11:53:23 PM - LoginPage - INFO: Clicked on element with locator: //span[text()='Hello, Sign in'] locatorType: xpath
06/19/2019 11:53:23 PM - LoginPage - INFO: Element found
06/19/2019 11:53:23 PM - LoginPage - INFO: Element present with locator: (//i[starts-with(@class,'a-icon')])[1] locatorType: xpath
06/19/2019 11:53:23 PM - LoginPage - INFO: Element found
06/19/2019 11:53:23 PM - LoginPage - INFO: Sent data on element with locator: ap_email locatorType: id
06/19/2019 11:53:23 PM - LoginPage - INFO: Element found
06/19/2019 11:53:25 PM - LoginPage - INFO: Clicked on element with locator: continue locatorType: id
06/19/2019 11:53:25 PM - LoginPage - INFO: Element found
06/19/2019 11:53:25 PM - LoginPage - INFO: Sent data on element with locator: ap_password locatorType: id
06/19/2019 11:53:25 PM - LoginPage - INFO: Element found
06/19/2019 11:53:26 PM - LoginPage - INFO: Clicked on element with locator: signInSubmit locatorType: id
06/19/2019 11:53:26 PM - TestStatus - ERROR: ### VERIFICATION FAILED :: + Title mismatch!
06/19/2019 11:53:26 PM - TestStatus - INFO: Screenshot save to directory: /Users/aravindanathdm/Documents/Simple_Pom_py_fw/base/../screenshots/Title mismatch!.1560968606719.png
06/19/2019 11:53:29 PM - LoginPage - ERROR: Element not found
Traceback (most recent call last):
  File "/Users/aravindanathdm/Documents/Simple_Pom_py_fw/base/selenium_driver.py", line 90, in getElement
    element = self.driver.find_element(byType,locator)
  File "/Library/Frameworks/Python.framework/Versions/3.7/lib/python3.7/site-packages/selenium/webdriver/remote/webdriver.py", line 978, in find_element
    'value': value})['value']
  File "/Library/Frameworks/Python.framework/Versions/3.7/lib/python3.7/site-packages/selenium/webdriver/remote/webdriver.py", line 321, in execute
    self.error_handler.check_response(response)
  File "/Library/Frameworks/Python.framework/Versions/3.7/lib/python3.7/site-packages/selenium/webdriver/remote/errorhandler.py", line 242, in check_response
    raise exception_class(message, screen, stacktrace)
selenium.common.exceptions.NoSuchElementException: Message: Unable to locate element: [id="twotabsearchtextbox"]

06/19/2019 11:53:29 PM - LoginPage - INFO: Element not present with locator: twotabsearchtextbox locatorType: id
06/19/2019 11:53:29 PM - TestStatus - ERROR: ### VERIFICATION FAILED :: + Login was not successful
06/19/2019 11:53:30 PM - TestStatus - INFO: Screenshot save to directory: /Users/aravindanathdm/Documents/Simple_Pom_py_fw/base/../screenshots/Login was not successful.1560968609981.png
06/19/2019 11:53:30 PM - TestStatus - ERROR: test_validLogin ### TEST FAILED
06/19/2019 11:53:30 PM - Util - INFO: Actual Text From Application Web UI --> :: Amazon Sign In
06/19/2019 11:53:30 PM - Util - INFO: Expected Text From Application Web UI --> :: Online Shopping site in India: Shop Online for Mobiles, Books, Watches, Shoes and More - Amazon.in
06/19/2019 11:53:30 PM - Util - INFO: ### VERIFICATION DOES NOT CONTAINS !!!
06/19/2019 11:53:35 PM - LoginPage - ERROR: Element not found
Traceback (most recent call last):
  File "/Users/aravindanathdm/Documents/Simple_Pom_py_fw/base/selenium_driver.py", line 90, in getElement
    element = self.driver.find_element(byType,locator)
  File "/Library/Frameworks/Python.framework/Versions/3.7/lib/python3.7/site-packages/selenium/webdriver/remote/webdriver.py", line 978, in find_element
    'value': value})['value']
  File "/Library/Frameworks/Python.framework/Versions/3.7/lib/python3.7/site-packages/selenium/webdriver/remote/webdriver.py", line 321, in execute
    self.error_handler.check_response(response)
  File "/Library/Frameworks/Python.framework/Versions/3.7/lib/python3.7/site-packages/selenium/webdriver/remote/errorhandler.py", line 242, in check_response
    raise exception_class(message, screen, stacktrace)
selenium.common.exceptions.NoSuchElementException: Message: Unable to locate element: //span[text()='Hello, Sign in']

06/19/2019 11:53:35 PM - LoginPage - INFO: Cannot click on the element with locator: //span[text()='Hello, Sign in'] locatorType: xpath
06/19/2019 11:53:35 PM - LoginPage - INFO: Element found
06/19/2019 11:53:35 PM - LoginPage - INFO: Element present with locator: (//i[starts-with(@class,'a-icon')])[1] locatorType: xpath
06/19/2019 11:53:35 PM - LoginPage - INFO: Element found
06/19/2019 11:53:35 PM - LoginPage - INFO: Cannot send data on the element with locator: ap_email locatorType: id
06/19/2019 11:53:35 PM - LoginPage - INFO: Element found
06/19/2019 11:53:37 PM - LoginPage - INFO: Clicked on element with locator: continue locatorType: id
06/19/2019 11:53:40 PM - LoginPage - ERROR: Element not found
Traceback (most recent call last):
  File "/Users/aravindanathdm/Documents/Simple_Pom_py_fw/base/selenium_driver.py", line 90, in getElement
    element = self.driver.find_element(byType,locator)
  File "/Library/Frameworks/Python.framework/Versions/3.7/lib/python3.7/site-packages/selenium/webdriver/remote/webdriver.py", line 978, in find_element
    'value': value})['value']
  File "/Library/Frameworks/Python.framework/Versions/3.7/lib/python3.7/site-packages/selenium/webdriver/remote/webdriver.py", line 321, in execute
    self.error_handler.check_response(response)
  File "/Library/Frameworks/Python.framework/Versions/3.7/lib/python3.7/site-packages/selenium/webdriver/remote/errorhandler.py", line 242, in check_response
    raise exception_class(message, screen, stacktrace)
selenium.common.exceptions.NoSuchElementException: Message: Unable to locate element: [id="ap_password"]

06/19/2019 11:53:40 PM - LoginPage - INFO: Cannot send data on the element with locator: ap_password locatorType: id
06/19/2019 11:53:43 PM - LoginPage - ERROR: Element not found
Traceback (most recent call last):
  File "/Users/aravindanathdm/Documents/Simple_Pom_py_fw/base/selenium_driver.py", line 90, in getElement
    element = self.driver.find_element(byType,locator)
  File "/Library/Frameworks/Python.framework/Versions/3.7/lib/python3.7/site-packages/selenium/webdriver/remote/webdriver.py", line 978, in find_element
    'value': value})['value']
  File "/Library/Frameworks/Python.framework/Versions/3.7/lib/python3.7/site-packages/selenium/webdriver/remote/webdriver.py", line 321, in execute
    self.error_handler.check_response(response)
  File "/Library/Frameworks/Python.framework/Versions/3.7/lib/python3.7/site-packages/selenium/webdriver/remote/errorhandler.py", line 242, in check_response
    raise exception_class(message, screen, stacktrace)
selenium.common.exceptions.NoSuchElementException: Message: Unable to locate element: [id="signInSubmit"]

06/19/2019 11:53:43 PM - LoginPage - INFO: Cannot click on the element with locator: signInSubmit locatorType: id
06/19/2019 11:53:43 PM - TestStatus - ERROR: ### VERIFICATION FAILED :: + Title mismatch!
06/19/2019 11:53:43 PM - TestStatus - INFO: Screenshot save to directory: /Users/aravindanathdm/Documents/Simple_Pom_py_fw/base/../screenshots/Title mismatch!.1560968623352.png
06/19/2019 11:53:46 PM - LoginPage - ERROR: Element not found
Traceback (most recent call last):
  File "/Users/aravindanathdm/Documents/Simple_Pom_py_fw/base/selenium_driver.py", line 90, in getElement
    element = self.driver.find_element(byType,locator)
  File "/Library/Frameworks/Python.framework/Versions/3.7/lib/python3.7/site-packages/selenium/webdriver/remote/webdriver.py", line 978, in find_element
    'value': value})['value']
  File "/Library/Frameworks/Python.framework/Versions/3.7/lib/python3.7/site-packages/selenium/webdriver/remote/webdriver.py", line 321, in execute
    self.error_handler.check_response(response)
  File "/Library/Frameworks/Python.framework/Versions/3.7/lib/python3.7/site-packages/selenium/webdriver/remote/errorhandler.py", line 242, in check_response
    raise exception_class(message, screen, stacktrace)
selenium.common.exceptions.NoSuchElementException: Message: Unable to locate element: [id="twotabsearchtextbox"]

06/19/2019 11:53:46 PM - LoginPage - INFO: Element not present with locator: twotabsearchtextbox locatorType: id
06/19/2019 11:53:46 PM - TestStatus - ERROR: ### VERIFICATION FAILED :: + Login was not successful
06/19/2019 11:53:46 PM - TestStatus - INFO: Screenshot save to directory: /Users/aravindanathdm/Documents/Simple_Pom_py_fw/base/../screenshots/Login was not successful.1560968626500.png
06/19/2019 11:53:46 PM - TestStatus - ERROR: test_validLogin ### TEST FAILED
